#
# There is insufficient memory for the Java Runtime Environment to continue.
# Native memory allocation (malloc) failed to allocate 1148176 bytes for Chunk::new
# Possible reasons:
#   The system is out of physical RAM or swap space
#   The process is running with CompressedOops enabled, and the Java Heap may be blocking the growth of the native heap
# Possible solutions:
#   Reduce memory load on the system
#   Increase physical memory or swap space
#   Check if swap backing store is full
#   Decrease Java heap size (-Xmx/-Xms)
#   Decrease number of Java threads
#   Decrease Java thread stack sizes (-Xss)
#   Set larger code cache with -XX:ReservedCodeCacheSize=
#   JVM is running with Unscaled Compressed Oops mode in which the Java heap is
#     placed in the first 4GB address space. The Java Heap base address is the
#     maximum limit for the native heap growth. Please use -XX:HeapBaseMinAddress
#     to set the Java Heap base and to place the Java Heap above 4GB virtual address.
# This output file may be truncated or incomplete.
#
#  Out of Memory Error (arena.cpp:197), pid=6772, tid=2176
#
# JRE version: OpenJDK Runtime Environment Zulu11.64+19-CA (11.0.19+7) (build 11.0.19+7-LTS)
# Java VM: OpenJDK 64-Bit Server VM Zulu11.64+19-CA (11.0.19+7-LTS, mixed mode, tiered, compressed oops, g1 gc, windows-amd64)
# No core dump will be written. Minidumps are not enabled by default on client versions of Windows
#

---------------  S U M M A R Y ------------

Command Line: -javaagent:C:\Program Files\JetBrains\IntelliJ IDEA Community Edition 2023.1.1\lib\idea_rt.jar=49822:C:\Program Files\JetBrains\IntelliJ IDEA Community Edition 2023.1.1\bin -Dfile.encoding=UTF-8 com.gnb.MyWasteFree.MyWasteFreeApplication

Host: Intel(R) Pentium(R) Gold 7505 @ 2.00GHz, 4 cores, 7G,  Windows 11 , 64 bit Build 22000 (10.0.22000.1516)
Time: Thu May 11 23:34:53 2023  Windows 11 , 64 bit Build 22000 (10.0.22000.1516) elapsed time: 207.948136 seconds (0d 0h 3m 27s)

---------------  T H R E A D  ---------------

Current thread (0x0000027dc6265800):  JavaThread "C2 CompilerThread0" daemon [_thread_in_native, id=2176, stack(0x000000e63eb00000,0x000000e63ec00000)]


Current CompileTask:
C2: 207948 5602       4       org.apache.catalina.connector.OutputBuffer::writeBytes (38 bytes)

Stack: [0x000000e63eb00000,0x000000e63ec00000]
Native frames: (J=compiled Java code, j=interpreted, Vv=VM code, C=native code)
V  [jvm.dll+0x62c3ca]
V  [jvm.dll+0x7ba6b9]
V  [jvm.dll+0x7bbda8]
V  [jvm.dll+0x7bc483]
V  [jvm.dll+0x253298]
V  [jvm.dll+0xc244c]
V  [jvm.dll+0xc2a0c]
V  [jvm.dll+0x362392]
V  [jvm.dll+0x19e9a1]
V  [jvm.dll+0x208b45]
V  [jvm.dll+0x207bbd]
V  [jvm.dll+0x18a081]
V  [jvm.dll+0x2174f4]
V  [jvm.dll+0x21573b]
V  [jvm.dll+0x77d260]
V  [jvm.dll+0x776184]
V  [jvm.dll+0x62b235]
C  [ucrtbase.dll+0x26c0c]
C  [KERNEL32.DLL+0x155a0]
C  [ntdll.dll+0x485b]


---------------  P R O C E S S  ---------------

Threads class SMR info:
_java_thread_list=0x0000027dcaea6530, length=29, elements={
0x0000027dc5934000, 0x0000027dc593f000, 0x0000027dc595c800, 0x0000027dc625d800,
0x0000027dc625e800, 0x0000027dc6265800, 0x0000027dc5969800, 0x0000027dc6268800,
0x0000027dc58c8800, 0x0000027dc6809800, 0x0000027dc7f81000, 0x0000027dc7fb3800,
0x0000027dc995f800, 0x0000027dc9cfa800, 0x0000027dc9c6e800, 0x0000027dc9c69800,
0x0000027dc9c6d800, 0x0000027dc9c6f000, 0x0000027dc9c70000, 0x0000027dc9c6c000,
0x0000027dc9c6d000, 0x0000027dc9c6b000, 0x0000027dc9c6a800, 0x0000027dcb10c800,
0x0000027dcb109000, 0x0000027dcb10e000, 0x0000027dcb10b800, 0x0000027dcb10d800,
0x0000027dcb10f000
}

Java Threads: ( => current thread )
  0x0000027dc5934000 JavaThread "Reference Handler" daemon [_thread_blocked, id=5512, stack(0x000000e63e600000,0x000000e63e700000)]
  0x0000027dc593f000 JavaThread "Finalizer" daemon [_thread_blocked, id=13784, stack(0x000000e63e700000,0x000000e63e800000)]
  0x0000027dc595c800 JavaThread "Signal Dispatcher" daemon [_thread_blocked, id=9664, stack(0x000000e63e800000,0x000000e63e900000)]
  0x0000027dc625d800 JavaThread "Attach Listener" daemon [_thread_blocked, id=14388, stack(0x000000e63e900000,0x000000e63ea00000)]
  0x0000027dc625e800 JavaThread "Service Thread" daemon [_thread_blocked, id=6776, stack(0x000000e63ea00000,0x000000e63eb00000)]
=>0x0000027dc6265800 JavaThread "C2 CompilerThread0" daemon [_thread_in_native, id=2176, stack(0x000000e63eb00000,0x000000e63ec00000)]
  0x0000027dc5969800 JavaThread "C1 CompilerThread0" daemon [_thread_blocked, id=10676, stack(0x000000e63ec00000,0x000000e63ed00000)]
  0x0000027dc6268800 JavaThread "Sweeper thread" daemon [_thread_blocked, id=20292, stack(0x000000e63ed00000,0x000000e63ee00000)]
  0x0000027dc58c8800 JavaThread "Common-Cleaner" daemon [_thread_blocked, id=23612, stack(0x000000e63ee00000,0x000000e63ef00000)]
  0x0000027dc6809800 JavaThread "Monitor Ctrl-Break" daemon [_thread_in_native, id=21952, stack(0x000000e63ef00000,0x000000e63f000000)]
  0x0000027dc7f81000 JavaThread "HikariPool-1 housekeeper" daemon [_thread_blocked, id=23212, stack(0x000000e63f800000,0x000000e63f900000)]
  0x0000027dc7fb3800 JavaThread "Catalina-utility-1" [_thread_blocked, id=18100, stack(0x000000e63fa00000,0x000000e63fb00000)]
  0x0000027dc995f800 JavaThread "Catalina-utility-2" [_thread_blocked, id=22760, stack(0x000000e63fb00000,0x000000e63fc00000)]
  0x0000027dc9cfa800 JavaThread "container-0" [_thread_blocked, id=9904, stack(0x000000e63fc00000,0x000000e63fd00000)]
  0x0000027dc9c6e800 JavaThread "File Watcher" daemon [_thread_blocked, id=24644, stack(0x000000e63fd00000,0x000000e63fe00000)]
  0x0000027dc9c69800 JavaThread "Live Reload Server" daemon [_thread_in_native, id=14816, stack(0x000000e63fe00000,0x000000e63ff00000)]
  0x0000027dc9c6d800 JavaThread "http-nio-8088-exec-1" daemon [_thread_blocked, id=21172, stack(0x000000e63ff00000,0x000000e640000000)]
  0x0000027dc9c6f000 JavaThread "http-nio-8088-exec-2" daemon [_thread_blocked, id=292, stack(0x000000e640000000,0x000000e640100000)]
  0x0000027dc9c70000 JavaThread "http-nio-8088-exec-3" daemon [_thread_blocked, id=9864, stack(0x000000e640100000,0x000000e640200000)]
  0x0000027dc9c6c000 JavaThread "http-nio-8088-exec-4" daemon [_thread_blocked, id=5232, stack(0x000000e640200000,0x000000e640300000)]
  0x0000027dc9c6d000 JavaThread "http-nio-8088-exec-5" daemon [_thread_blocked, id=25908, stack(0x000000e640300000,0x000000e640400000)]
  0x0000027dc9c6b000 JavaThread "http-nio-8088-exec-6" daemon [_thread_blocked, id=10244, stack(0x000000e640400000,0x000000e640500000)]
  0x0000027dc9c6a800 JavaThread "http-nio-8088-exec-7" daemon [_thread_blocked, id=18204, stack(0x000000e640500000,0x000000e640600000)]
  0x0000027dcb10c800 JavaThread "http-nio-8088-exec-8" daemon [_thread_blocked, id=26548, stack(0x000000e640600000,0x000000e640700000)]
  0x0000027dcb109000 JavaThread "http-nio-8088-exec-9" daemon [_thread_blocked, id=23704, stack(0x000000e640700000,0x000000e640800000)]
  0x0000027dcb10e000 JavaThread "http-nio-8088-exec-10" daemon [_thread_blocked, id=14640, stack(0x000000e640800000,0x000000e640900000)]
  0x0000027dcb10b800 JavaThread "http-nio-8088-Poller" daemon [_thread_in_native, id=26092, stack(0x000000e640900000,0x000000e640a00000)]
  0x0000027dcb10d800 JavaThread "http-nio-8088-Acceptor" daemon [_thread_in_native, id=19624, stack(0x000000e640a00000,0x000000e640b00000)]
  0x0000027dcb10f000 JavaThread "DestroyJavaVM" [_thread_blocked, id=5768, stack(0x000000e63df00000,0x000000e63e000000)]

Other Threads:
  0x0000027dc5911000 VMThread "VM Thread" [stack: 0x000000e63e500000,0x000000e63e600000] [id=6060]
  0x0000027dc6882000 WatcherThread [stack: 0x000000e63f000000,0x000000e63f100000] [id=10880]
  0x0000027da72c1800 GCTaskThread "GC Thread#0" [stack: 0x000000e63e000000,0x000000e63e100000] [id=3388]
  0x0000027dc6dee800 GCTaskThread "GC Thread#1" [stack: 0x000000e63f200000,0x000000e63f300000] [id=14100]
  0x0000027dc729a800 GCTaskThread "GC Thread#2" [stack: 0x000000e63f600000,0x000000e63f700000] [id=21716]
  0x0000027dc733a000 GCTaskThread "GC Thread#3" [stack: 0x000000e63f700000,0x000000e63f800000] [id=25988]
  0x0000027da72f2800 ConcurrentGCThread "G1 Main Marker" [stack: 0x000000e63e100000,0x000000e63e200000] [id=636]
  0x0000027da72f4800 ConcurrentGCThread "G1 Conc#0" [stack: 0x000000e63e200000,0x000000e63e300000] [id=4136]
  0x0000027da7379000 ConcurrentGCThread "G1 Refine#0" [stack: 0x000000e63e300000,0x000000e63e400000] [id=5140]
  0x0000027dc6658800 ConcurrentGCThread "G1 Refine#1" [stack: 0x000000e63f300000,0x000000e63f400000] [id=12396]
  0x0000027da737c000 ConcurrentGCThread "G1 Young RemSet Sampling" [stack: 0x000000e63e400000,0x000000e63e500000] [id=5968]

Threads with active compile tasks:
C2 CompilerThread0   207995 5602       4       org.apache.catalina.connector.OutputBuffer::writeBytes (38 bytes)

VM state:not at safepoint (normal execution)

VM Mutex/Monitor currently owned by a thread: None

Heap address: 0x0000000084400000, size: 1980 MB, Compressed Oops mode: 32-bit
Narrow klass base: 0x0000000000000000, Narrow klass shift: 3
Compressed class space size: 1073741824 Address: 0x0000000100000000

Heap:
 garbage-first heap   total 152576K, used 39581K [0x0000000084400000, 0x0000000100000000)
  region size 1024K, 23 young (23552K), 9 survivors (9216K)
 Metaspace       used 66669K, capacity 68116K, committed 68380K, reserved 1110016K
  class space    used 8239K, capacity 8826K, committed 8908K, reserved 1048576K
Heap Regions: E=young(eden), S=young(survivor), O=old, HS=humongous(starts), HC=humongous(continues), CS=collection set, F=free, A=archive, TAMS=top-at-mark-start (previous, next)
|   0|0x0000000084400000, 0x0000000084500000, 0x0000000084500000|100%|HS|  |TAMS 0x0000000084500000, 0x0000000084400000| Complete 
|   1|0x0000000084500000, 0x0000000084600000, 0x0000000084600000|100%| O|  |TAMS 0x0000000084600000, 0x0000000084500000| Untracked 
|   2|0x0000000084600000, 0x0000000084700000, 0x0000000084700000|100%| O|  |TAMS 0x0000000084700000, 0x0000000084600000| Untracked 
|   3|0x0000000084700000, 0x0000000084800000, 0x0000000084800000|100%| O|  |TAMS 0x0000000084800000, 0x0000000084700000| Untracked 
|   4|0x0000000084800000, 0x0000000084900000, 0x0000000084900000|100%| O|  |TAMS 0x0000000084900000, 0x0000000084800000| Untracked 
|   5|0x0000000084900000, 0x0000000084a00000, 0x0000000084a00000|100%| O|  |TAMS 0x0000000084a00000, 0x0000000084900000| Untracked 
|   6|0x0000000084a00000, 0x0000000084b00000, 0x0000000084b00000|100%| O|  |TAMS 0x0000000084b00000, 0x0000000084a00000| Untracked 
|   7|0x0000000084b00000, 0x0000000084c00000, 0x0000000084c00000|100%| O|  |TAMS 0x0000000084c00000, 0x0000000084b00000| Untracked 
|   8|0x0000000084c00000, 0x0000000084d00000, 0x0000000084d00000|100%| O|  |TAMS 0x0000000084d00000, 0x0000000084c00000| Untracked 
|   9|0x0000000084d00000, 0x0000000084e00000, 0x0000000084e00000|100%| O|  |TAMS 0x0000000084e00000, 0x0000000084d00000| Untracked 
|  10|0x0000000084e00000, 0x0000000084f00000, 0x0000000084f00000|100%| O|  |TAMS 0x0000000084f00000, 0x0000000084e00000| Untracked 
|  11|0x0000000084f00000, 0x0000000085000000, 0x0000000085000000|100%| O|  |TAMS 0x0000000085000000, 0x0000000084f00000| Untracked 
|  12|0x0000000085000000, 0x0000000085100000, 0x0000000085100000|100%| O|  |TAMS 0x0000000085100000, 0x0000000085000000| Untracked 
|  13|0x0000000085100000, 0x0000000085200000, 0x0000000085200000|100%| O|  |TAMS 0x0000000085200000, 0x0000000085100000| Untracked 
|  14|0x0000000085200000, 0x0000000085300000, 0x0000000085300000|100%| O|  |TAMS 0x0000000085300000, 0x0000000085200000| Untracked 
|  15|0x0000000085300000, 0x0000000085400000, 0x0000000085400000|100%| O|  |TAMS 0x0000000085400000, 0x0000000085300000| Untracked 
|  16|0x0000000085400000, 0x0000000085500000, 0x0000000085500000|100%| O|  |TAMS 0x0000000085500000, 0x0000000085400000| Untracked 
|  17|0x0000000085500000, 0x0000000085542a00, 0x0000000085600000| 26%| O|  |TAMS 0x0000000085542a00, 0x0000000085500000| Untracked 
|  18|0x0000000085600000, 0x0000000085600000, 0x0000000085700000|  0%| F|  |TAMS 0x0000000085600000, 0x0000000085600000| Untracked 
|  19|0x0000000085700000, 0x0000000085700000, 0x0000000085800000|  0%| F|  |TAMS 0x0000000085700000, 0x0000000085700000| Untracked 
|  20|0x0000000085800000, 0x0000000085800000, 0x0000000085900000|  0%| F|  |TAMS 0x0000000085800000, 0x0000000085800000| Untracked 
|  21|0x0000000085900000, 0x0000000085900000, 0x0000000085a00000|  0%| F|  |TAMS 0x0000000085900000, 0x0000000085900000| Untracked 
|  22|0x0000000085a00000, 0x0000000085a00000, 0x0000000085b00000|  0%| F|  |TAMS 0x0000000085a00000, 0x0000000085a00000| Untracked 
|  23|0x0000000085b00000, 0x0000000085b00000, 0x0000000085c00000|  0%| F|  |TAMS 0x0000000085b00000, 0x0000000085b00000| Untracked 
|  24|0x0000000085c00000, 0x0000000085c00000, 0x0000000085d00000|  0%| F|  |TAMS 0x0000000085c00000, 0x0000000085c00000| Untracked 
|  25|0x0000000085d00000, 0x0000000085d00000, 0x0000000085e00000|  0%| F|  |TAMS 0x0000000085d00000, 0x0000000085d00000| Untracked 
|  26|0x0000000085e00000, 0x0000000085e00000, 0x0000000085f00000|  0%| F|  |TAMS 0x0000000085e00000, 0x0000000085e00000| Untracked 
|  27|0x0000000085f00000, 0x0000000085f00000, 0x0000000086000000|  0%| F|  |TAMS 0x0000000085f00000, 0x0000000085f00000| Untracked 
|  28|0x0000000086000000, 0x0000000086000000, 0x0000000086100000|  0%| F|  |TAMS 0x0000000086000000, 0x0000000086000000| Untracked 
|  29|0x0000000086100000, 0x0000000086100000, 0x0000000086200000|  0%| F|  |TAMS 0x0000000086100000, 0x0000000086100000| Untracked 
|  30|0x0000000086200000, 0x0000000086200000, 0x0000000086300000|  0%| F|  |TAMS 0x0000000086200000, 0x0000000086200000| Untracked 
|  31|0x0000000086300000, 0x0000000086300000, 0x0000000086400000|  0%| F|  |TAMS 0x0000000086300000, 0x0000000086300000| Untracked 
|  32|0x0000000086400000, 0x0000000086400000, 0x0000000086500000|  0%| F|  |TAMS 0x0000000086400000, 0x0000000086400000| Untracked 
|  33|0x0000000086500000, 0x0000000086500000, 0x0000000086600000|  0%| F|  |TAMS 0x0000000086500000, 0x0000000086500000| Untracked 
|  34|0x0000000086600000, 0x0000000086600000, 0x0000000086700000|  0%| F|  |TAMS 0x0000000086600000, 0x0000000086600000| Untracked 
|  35|0x0000000086700000, 0x0000000086700000, 0x0000000086800000|  0%| F|  |TAMS 0x0000000086700000, 0x0000000086700000| Untracked 
|  36|0x0000000086800000, 0x0000000086800000, 0x0000000086900000|  0%| F|  |TAMS 0x0000000086800000, 0x0000000086800000| Untracked 
|  37|0x0000000086900000, 0x0000000086900000, 0x0000000086a00000|  0%| F|  |TAMS 0x0000000086900000, 0x0000000086900000| Untracked 
|  38|0x0000000086a00000, 0x0000000086a00000, 0x0000000086b00000|  0%| F|  |TAMS 0x0000000086a00000, 0x0000000086a00000| Untracked 
|  39|0x0000000086b00000, 0x0000000086b00000, 0x0000000086c00000|  0%| F|  |TAMS 0x0000000086b00000, 0x0000000086b00000| Untracked 
|  40|0x0000000086c00000, 0x0000000086c00000, 0x0000000086d00000|  0%| F|  |TAMS 0x0000000086c00000, 0x0000000086c00000| Untracked 
|  41|0x0000000086d00000, 0x0000000086d00000, 0x0000000086e00000|  0%| F|  |TAMS 0x0000000086d00000, 0x0000000086d00000| Untracked 
|  42|0x0000000086e00000, 0x0000000086e00000, 0x0000000086f00000|  0%| F|  |TAMS 0x0000000086e00000, 0x0000000086e00000| Untracked 
|  43|0x0000000086f00000, 0x0000000086f00000, 0x0000000087000000|  0%| F|  |TAMS 0x0000000086f00000, 0x0000000086f00000| Untracked 
|  44|0x0000000087000000, 0x0000000087000000, 0x0000000087100000|  0%| F|  |TAMS 0x0000000087000000, 0x0000000087000000| Untracked 
|  45|0x0000000087100000, 0x0000000087100000, 0x0000000087200000|  0%| F|  |TAMS 0x0000000087100000, 0x0000000087100000| Untracked 
|  46|0x0000000087200000, 0x0000000087200000, 0x0000000087300000|  0%| F|  |TAMS 0x0000000087200000, 0x0000000087200000| Untracked 
|  47|0x0000000087300000, 0x0000000087300000, 0x0000000087400000|  0%| F|  |TAMS 0x0000000087300000, 0x0000000087300000| Untracked 
|  48|0x0000000087400000, 0x0000000087400000, 0x0000000087500000|  0%| F|  |TAMS 0x0000000087400000, 0x0000000087400000| Untracked 
|  49|0x0000000087500000, 0x0000000087500000, 0x0000000087600000|  0%| F|  |TAMS 0x0000000087500000, 0x0000000087500000| Untracked 
|  50|0x0000000087600000, 0x0000000087600000, 0x0000000087700000|  0%| F|  |TAMS 0x0000000087600000, 0x0000000087600000| Untracked 
|  51|0x0000000087700000, 0x0000000087700000, 0x0000000087800000|  0%| F|  |TAMS 0x0000000087700000, 0x0000000087700000| Untracked 
|  52|0x0000000087800000, 0x0000000087800000, 0x0000000087900000|  0%| F|  |TAMS 0x0000000087800000, 0x0000000087800000| Untracked 
|  53|0x0000000087900000, 0x0000000087900000, 0x0000000087a00000|  0%| F|  |TAMS 0x0000000087900000, 0x0000000087900000| Untracked 
|  54|0x0000000087a00000, 0x0000000087a00000, 0x0000000087b00000|  0%| F|  |TAMS 0x0000000087a00000, 0x0000000087a00000| Untracked 
|  55|0x0000000087b00000, 0x0000000087b00000, 0x0000000087c00000|  0%| F|  |TAMS 0x0000000087b00000, 0x0000000087b00000| Untracked 
|  56|0x0000000087c00000, 0x0000000087c00000, 0x0000000087d00000|  0%| F|  |TAMS 0x0000000087c00000, 0x0000000087c00000| Untracked 
|  57|0x0000000087d00000, 0x0000000087d00000, 0x0000000087e00000|  0%| F|  |TAMS 0x0000000087d00000, 0x0000000087d00000| Untracked 
|  58|0x0000000087e00000, 0x0000000087e00000, 0x0000000087f00000|  0%| F|  |TAMS 0x0000000087e00000, 0x0000000087e00000| Untracked 
|  59|0x0000000087f00000, 0x0000000087f00000, 0x0000000088000000|  0%| F|  |TAMS 0x0000000087f00000, 0x0000000087f00000| Untracked 
|  60|0x0000000088000000, 0x0000000088000000, 0x0000000088100000|  0%| F|  |TAMS 0x0000000088000000, 0x0000000088000000| Untracked 
|  61|0x0000000088100000, 0x0000000088100000, 0x0000000088200000|  0%| F|  |TAMS 0x0000000088100000, 0x0000000088100000| Untracked 
|  62|0x0000000088200000, 0x0000000088200000, 0x0000000088300000|  0%| F|  |TAMS 0x0000000088200000, 0x0000000088200000| Untracked 
|  63|0x0000000088300000, 0x0000000088300000, 0x0000000088400000|  0%| F|  |TAMS 0x0000000088300000, 0x0000000088300000| Untracked 
|  64|0x0000000088400000, 0x0000000088400000, 0x0000000088500000|  0%| F|  |TAMS 0x0000000088400000, 0x0000000088400000| Untracked 
|  65|0x0000000088500000, 0x0000000088500000, 0x0000000088600000|  0%| F|  |TAMS 0x0000000088500000, 0x0000000088500000| Untracked 
|  66|0x0000000088600000, 0x0000000088600000, 0x0000000088700000|  0%| F|  |TAMS 0x0000000088600000, 0x0000000088600000| Untracked 
|  67|0x0000000088700000, 0x0000000088700000, 0x0000000088800000|  0%| F|  |TAMS 0x0000000088700000, 0x0000000088700000| Untracked 
|  68|0x0000000088800000, 0x0000000088800000, 0x0000000088900000|  0%| F|  |TAMS 0x0000000088800000, 0x0000000088800000| Untracked 
|  69|0x0000000088900000, 0x0000000088964c60, 0x0000000088a00000| 39%| S|CS|TAMS 0x0000000088900000, 0x0000000088900000| Complete 
|  70|0x0000000088a00000, 0x0000000088b00000, 0x0000000088b00000|100%| S|CS|TAMS 0x0000000088a00000, 0x0000000088a00000| Complete 
|  71|0x0000000088b00000, 0x0000000088c00000, 0x0000000088c00000|100%| S|CS|TAMS 0x0000000088b00000, 0x0000000088b00000| Complete 
|  72|0x0000000088c00000, 0x0000000088d00000, 0x0000000088d00000|100%| S|CS|TAMS 0x0000000088c00000, 0x0000000088c00000| Complete 
|  73|0x0000000088d00000, 0x0000000088e00000, 0x0000000088e00000|100%| S|CS|TAMS 0x0000000088d00000, 0x0000000088d00000| Complete 
|  74|0x0000000088e00000, 0x0000000088f00000, 0x0000000088f00000|100%| S|CS|TAMS 0x0000000088e00000, 0x0000000088e00000| Complete 
|  75|0x0000000088f00000, 0x0000000089000000, 0x0000000089000000|100%| S|CS|TAMS 0x0000000088f00000, 0x0000000088f00000| Complete 
|  76|0x0000000089000000, 0x0000000089100000, 0x0000000089100000|100%| S|CS|TAMS 0x0000000089000000, 0x0000000089000000| Complete 
|  77|0x0000000089100000, 0x0000000089200000, 0x0000000089200000|100%| S|CS|TAMS 0x0000000089100000, 0x0000000089100000| Complete 
|  78|0x0000000089200000, 0x0000000089200000, 0x0000000089300000|  0%| F|  |TAMS 0x0000000089200000, 0x0000000089200000| Untracked 
|  79|0x0000000089300000, 0x0000000089300000, 0x0000000089400000|  0%| F|  |TAMS 0x0000000089300000, 0x0000000089300000| Untracked 
|  80|0x0000000089400000, 0x0000000089400000, 0x0000000089500000|  0%| F|  |TAMS 0x0000000089400000, 0x0000000089400000| Untracked 
|  81|0x0000000089500000, 0x0000000089500000, 0x0000000089600000|  0%| F|  |TAMS 0x0000000089500000, 0x0000000089500000| Untracked 
|  82|0x0000000089600000, 0x0000000089600000, 0x0000000089700000|  0%| F|  |TAMS 0x0000000089600000, 0x0000000089600000| Untracked 
|  83|0x0000000089700000, 0x0000000089700000, 0x0000000089800000|  0%| F|  |TAMS 0x0000000089700000, 0x0000000089700000| Untracked 
|  84|0x0000000089800000, 0x0000000089800000, 0x0000000089900000|  0%| F|  |TAMS 0x0000000089800000, 0x0000000089800000| Untracked 
|  85|0x0000000089900000, 0x0000000089900000, 0x0000000089a00000|  0%| F|  |TAMS 0x0000000089900000, 0x0000000089900000| Untracked 
|  86|0x0000000089a00000, 0x0000000089a00000, 0x0000000089b00000|  0%| F|  |TAMS 0x0000000089a00000, 0x0000000089a00000| Untracked 
|  87|0x0000000089b00000, 0x0000000089b00000, 0x0000000089c00000|  0%| F|  |TAMS 0x0000000089b00000, 0x0000000089b00000| Untracked 
|  88|0x0000000089c00000, 0x0000000089c00000, 0x0000000089d00000|  0%| F|  |TAMS 0x0000000089c00000, 0x0000000089c00000| Untracked 
|  89|0x0000000089d00000, 0x0000000089d00000, 0x0000000089e00000|  0%| F|  |TAMS 0x0000000089d00000, 0x0000000089d00000| Untracked 
|  90|0x0000000089e00000, 0x0000000089e00000, 0x0000000089f00000|  0%| F|  |TAMS 0x0000000089e00000, 0x0000000089e00000| Untracked 
|  91|0x0000000089f00000, 0x0000000089f00000, 0x000000008a000000|  0%| F|  |TAMS 0x0000000089f00000, 0x0000000089f00000| Untracked 
|  92|0x000000008a000000, 0x000000008a000000, 0x000000008a100000|  0%| F|  |TAMS 0x000000008a000000, 0x000000008a000000| Untracked 
|  93|0x000000008a100000, 0x000000008a100000, 0x000000008a200000|  0%| F|  |TAMS 0x000000008a100000, 0x000000008a100000| Untracked 
|  94|0x000000008a200000, 0x000000008a200000, 0x000000008a300000|  0%| F|  |TAMS 0x000000008a200000, 0x000000008a200000| Untracked 
|  95|0x000000008a300000, 0x000000008a300000, 0x000000008a400000|  0%| F|  |TAMS 0x000000008a300000, 0x000000008a300000| Untracked 
|  96|0x000000008a400000, 0x000000008a400000, 0x000000008a500000|  0%| F|  |TAMS 0x000000008a400000, 0x000000008a400000| Untracked 
|  97|0x000000008a500000, 0x000000008a500000, 0x000000008a600000|  0%| F|  |TAMS 0x000000008a500000, 0x000000008a500000| Untracked 
|  98|0x000000008a600000, 0x000000008a600000, 0x000000008a700000|  0%| F|  |TAMS 0x000000008a600000, 0x000000008a600000| Untracked 
|  99|0x000000008a700000, 0x000000008a700000, 0x000000008a800000|  0%| F|  |TAMS 0x000000008a700000, 0x000000008a700000| Untracked 
| 100|0x000000008a800000, 0x000000008a800000, 0x000000008a900000|  0%| F|  |TAMS 0x000000008a800000, 0x000000008a800000| Untracked 
| 101|0x000000008a900000, 0x000000008a900000, 0x000000008aa00000|  0%| F|  |TAMS 0x000000008a900000, 0x000000008a900000| Untracked 
| 102|0x000000008aa00000, 0x000000008aa00000, 0x000000008ab00000|  0%| F|  |TAMS 0x000000008aa00000, 0x000000008aa00000| Untracked 
| 103|0x000000008ab00000, 0x000000008ab00000, 0x000000008ac00000|  0%| F|  |TAMS 0x000000008ab00000, 0x000000008ab00000| Untracked 
| 104|0x000000008ac00000, 0x000000008ac00000, 0x000000008ad00000|  0%| F|  |TAMS 0x000000008ac00000, 0x000000008ac00000| Untracked 
| 105|0x000000008ad00000, 0x000000008ad00000, 0x000000008ae00000|  0%| F|  |TAMS 0x000000008ad00000, 0x000000008ad00000| Untracked 
| 106|0x000000008ae00000, 0x000000008ae00000, 0x000000008af00000|  0%| F|  |TAMS 0x000000008ae00000, 0x000000008ae00000| Untracked 
| 107|0x000000008af00000, 0x000000008af00000, 0x000000008b000000|  0%| F|  |TAMS 0x000000008af00000, 0x000000008af00000| Untracked 
| 108|0x000000008b000000, 0x000000008b000000, 0x000000008b100000|  0%| F|  |TAMS 0x000000008b000000, 0x000000008b000000| Untracked 
| 109|0x000000008b100000, 0x000000008b100000, 0x000000008b200000|  0%| F|  |TAMS 0x000000008b100000, 0x000000008b100000| Untracked 
| 110|0x000000008b200000, 0x000000008b200000, 0x000000008b300000|  0%| F|  |TAMS 0x000000008b200000, 0x000000008b200000| Untracked 
| 111|0x000000008b300000, 0x000000008b300000, 0x000000008b400000|  0%| F|  |TAMS 0x000000008b300000, 0x000000008b300000| Untracked 
| 112|0x000000008b400000, 0x000000008b400000, 0x000000008b500000|  0%| F|  |TAMS 0x000000008b400000, 0x000000008b400000| Untracked 
| 113|0x000000008b500000, 0x000000008b500000, 0x000000008b600000|  0%| F|  |TAMS 0x000000008b500000, 0x000000008b500000| Untracked 
| 114|0x000000008b600000, 0x000000008b600000, 0x000000008b700000|  0%| F|  |TAMS 0x000000008b600000, 0x000000008b600000| Untracked 
| 115|0x000000008b700000, 0x000000008b700000, 0x000000008b800000|  0%| F|  |TAMS 0x000000008b700000, 0x000000008b700000| Untracked 
| 116|0x000000008b800000, 0x000000008b800000, 0x000000008b900000|  0%| F|  |TAMS 0x000000008b800000, 0x000000008b800000| Untracked 
| 117|0x000000008b900000, 0x000000008b900000, 0x000000008ba00000|  0%| F|  |TAMS 0x000000008b900000, 0x000000008b900000| Untracked 
| 118|0x000000008ba00000, 0x000000008ba00000, 0x000000008bb00000|  0%| F|  |TAMS 0x000000008ba00000, 0x000000008ba00000| Untracked 
| 119|0x000000008bb00000, 0x000000008bb00000, 0x000000008bc00000|  0%| F|  |TAMS 0x000000008bb00000, 0x000000008bb00000| Untracked 
| 120|0x000000008bc00000, 0x000000008bc00000, 0x000000008bd00000|  0%| F|  |TAMS 0x000000008bc00000, 0x000000008bc00000| Untracked 
| 121|0x000000008bd00000, 0x000000008bd00000, 0x000000008be00000|  0%| F|  |TAMS 0x000000008bd00000, 0x000000008bd00000| Untracked 
| 122|0x000000008be00000, 0x000000008be00000, 0x000000008bf00000|  0%| F|  |TAMS 0x000000008be00000, 0x000000008be00000| Untracked 
| 123|0x000000008bf00000, 0x000000008bf00000, 0x000000008c000000|  0%| F|  |TAMS 0x000000008bf00000, 0x000000008bf00000| Untracked 
| 124|0x000000008c000000, 0x000000008c000000, 0x000000008c100000|  0%| F|  |TAMS 0x000000008c000000, 0x000000008c000000| Untracked 
| 125|0x000000008c100000, 0x000000008c100000, 0x000000008c200000|  0%| F|  |TAMS 0x000000008c100000, 0x000000008c100000| Untracked 
| 126|0x000000008c200000, 0x000000008c200000, 0x000000008c300000|  0%| F|  |TAMS 0x000000008c200000, 0x000000008c200000| Untracked 
| 127|0x000000008c300000, 0x000000008c300000, 0x000000008c400000|  0%| F|  |TAMS 0x000000008c300000, 0x000000008c300000| Untracked 
| 128|0x000000008c400000, 0x000000008c400000, 0x000000008c500000|  0%| F|  |TAMS 0x000000008c400000, 0x000000008c400000| Untracked 
| 129|0x000000008c500000, 0x000000008c500000, 0x000000008c600000|  0%| F|  |TAMS 0x000000008c500000, 0x000000008c500000| Untracked 
| 130|0x000000008c600000, 0x000000008c600000, 0x000000008c700000|  0%| F|  |TAMS 0x000000008c600000, 0x000000008c600000| Untracked 
| 131|0x000000008c700000, 0x000000008c700000, 0x000000008c800000|  0%| F|  |TAMS 0x000000008c700000, 0x000000008c700000| Untracked 
| 132|0x000000008c800000, 0x000000008c800000, 0x000000008c900000|  0%| F|  |TAMS 0x000000008c800000, 0x000000008c800000| Untracked 
| 133|0x000000008c900000, 0x000000008c900000, 0x000000008ca00000|  0%| F|  |TAMS 0x000000008c900000, 0x000000008c900000| Untracked 
| 134|0x000000008ca00000, 0x000000008ca00000, 0x000000008cb00000|  0%| F|  |TAMS 0x000000008ca00000, 0x000000008ca00000| Untracked 
| 135|0x000000008cb00000, 0x000000008cb3d5f8, 0x000000008cc00000| 23%| E|  |TAMS 0x000000008cb00000, 0x000000008cb00000| Complete 
| 136|0x000000008cc00000, 0x000000008cd00000, 0x000000008cd00000|100%| E|CS|TAMS 0x000000008cc00000, 0x000000008cc00000| Complete 
| 137|0x000000008cd00000, 0x000000008ce00000, 0x000000008ce00000|100%| E|CS|TAMS 0x000000008cd00000, 0x000000008cd00000| Complete 
| 138|0x000000008ce00000, 0x000000008cf00000, 0x000000008cf00000|100%| E|CS|TAMS 0x000000008ce00000, 0x000000008ce00000| Complete 
| 139|0x000000008cf00000, 0x000000008d000000, 0x000000008d000000|100%| E|CS|TAMS 0x000000008cf00000, 0x000000008cf00000| Complete 
| 140|0x000000008d000000, 0x000000008d100000, 0x000000008d100000|100%| E|CS|TAMS 0x000000008d000000, 0x000000008d000000| Complete 
| 141|0x000000008d100000, 0x000000008d200000, 0x000000008d200000|100%| E|CS|TAMS 0x000000008d100000, 0x000000008d100000| Complete 
| 142|0x000000008d200000, 0x000000008d300000, 0x000000008d300000|100%| E|CS|TAMS 0x000000008d200000, 0x000000008d200000| Complete 
| 143|0x000000008d300000, 0x000000008d400000, 0x000000008d400000|100%| E|CS|TAMS 0x000000008d300000, 0x000000008d300000| Complete 
| 144|0x000000008d400000, 0x000000008d500000, 0x000000008d500000|100%| E|CS|TAMS 0x000000008d400000, 0x000000008d400000| Complete 
| 145|0x000000008d500000, 0x000000008d600000, 0x000000008d600000|100%| E|CS|TAMS 0x000000008d500000, 0x000000008d500000| Complete 
| 146|0x000000008d600000, 0x000000008d700000, 0x000000008d700000|100%| E|CS|TAMS 0x000000008d600000, 0x000000008d600000| Complete 
| 147|0x000000008d700000, 0x000000008d800000, 0x000000008d800000|100%| E|CS|TAMS 0x000000008d700000, 0x000000008d700000| Complete 
| 148|0x000000008d800000, 0x000000008d900000, 0x000000008d900000|100%| E|CS|TAMS 0x000000008d800000, 0x000000008d800000| Complete 

Card table byte_map: [0x0000027dbeea0000,0x0000027dbf280000] _byte_map_base: 0x0000027dbea7e000

Marking Bits (Prev, Next): (CMBitMap*) 0x0000027da72e9f90, (CMBitMap*) 0x0000027da72e9f58
 Prev Bits: [0x0000027dc1550000, 0x0000027dc3440000)
 Next Bits: [0x0000027dbf660000, 0x0000027dc1550000)

Polling page: 0x0000027da50b0000

Metaspace:

Usage:
  Non-class:     57.90 MB capacity,    57.06 MB ( 99%) used,   669.51 KB (  1%) free+waste,   190.38 KB ( <1%) overhead. 
      Class:      8.62 MB capacity,     8.05 MB ( 93%) used,   499.96 KB (  6%) free+waste,    86.81 KB ( <1%) overhead. 
       Both:     66.52 MB capacity,    65.11 MB ( 98%) used,     1.14 MB (  2%) free+waste,   277.19 KB ( <1%) overhead. 

Virtual space:
  Non-class space:       60.00 MB reserved,      58.08 MB ( 97%) committed 
      Class space:        1.00 GB reserved,       8.70 MB ( <1%) committed 
             Both:        1.06 GB reserved,      66.78 MB (  6%) committed 

Chunk freelists:
   Non-Class:  54.00 KB
       Class:  6.00 KB
        Both:  60.00 KB

MaxMetaspaceSize: 17179869184.00 GB
CompressedClassSpaceSize: 1.00 GB
Initial GC threshold: 20.80 MB
Current GC threshold: 98.59 MB
CDS: off

CodeHeap 'non-profiled nmethods': size=120064Kb used=4075Kb max_used=4075Kb free=115988Kb
 bounds [0x0000027db7580000, 0x0000027db7980000, 0x0000027dbeac0000]
CodeHeap 'profiled nmethods': size=120000Kb used=12994Kb max_used=12994Kb free=107005Kb
 bounds [0x0000027db0050000, 0x0000027db0d10000, 0x0000027db7580000]
CodeHeap 'non-nmethods': size=5696Kb used=1323Kb max_used=1366Kb free=4372Kb
 bounds [0x0000027dafac0000, 0x0000027dafd30000, 0x0000027db0050000]
 total_blobs=6234 nmethods=5618 adapters=528
 compilation: enabled
              stopped_count=0, restarted_count=0
 full_count=0

Compilation events (20 events):
Event: 207.853 Thread 0x0000027dc5969800 5631       3       org.apache.catalina.core.StandardContext::findFilterConfig (14 bytes)
Event: 207.853 Thread 0x0000027dc5969800 nmethod 5631 0x0000027db0cfb790 code [0x0000027db0cfb960, 0x0000027db0cfbc28]
Event: 207.853 Thread 0x0000027dc5969800 5632       3       org.apache.catalina.core.ApplicationFilterFactory::matchFiltersServlet (61 bytes)
Event: 207.853 Thread 0x0000027dc5969800 nmethod 5632 0x0000027db0cfbd10 code [0x0000027db0cfbf00, 0x0000027db0cfc368]
Event: 207.853 Thread 0x0000027dc5969800 5633       3       java.util.Collections$SingletonList::get (41 bytes)
Event: 207.854 Thread 0x0000027dc5969800 nmethod 5633 0x0000027db0cfc510 code [0x0000027db0cfc780, 0x0000027db0cfd0a8]
Event: 207.854 Thread 0x0000027dc5969800 5634       3       org.jboss.logging.Logger::isTraceEnabled (8 bytes)
Event: 207.855 Thread 0x0000027dc5969800 nmethod 5634 0x0000027db0cfd410 code [0x0000027db0cfd5c0, 0x0000027db0cfd788]
Event: 207.856 Thread 0x0000027dc5969800 5635       3       org.apache.tomcat.util.net.AbstractEndpoint::getKeepAliveTimeout (20 bytes)
Event: 207.856 Thread 0x0000027dc5969800 nmethod 5635 0x0000027db0cfd810 code [0x0000027db0cfd9e0, 0x0000027db0cfdcb8]
Event: 207.856 Thread 0x0000027dc5969800 5636       3       ch.qos.logback.classic.Level::fromLocationAwareLoggerInteger (116 bytes)
Event: 207.857 Thread 0x0000027dc5969800 nmethod 5636 0x0000027db0cfde10 code [0x0000027db0cfe080, 0x0000027db0cfea18]
Event: 207.857 Thread 0x0000027dc5969800 5637       1       org.apache.catalina.connector.OutputBuffer::setSuspended (6 bytes)
Event: 207.857 Thread 0x0000027dc5969800 nmethod 5637 0x0000027db797ab10 code [0x0000027db797acc0, 0x0000027db797ad78]
Event: 207.858 Thread 0x0000027dc5969800 5639       3       org.apache.coyote.Request::getNote (7 bytes)
Event: 207.858 Thread 0x0000027dc5969800 nmethod 5639 0x0000027db0cfed90 code [0x0000027db0cfef40, 0x0000027db0cff078]
Event: 207.865 Thread 0x0000027dc5969800 5640       3       ch.qos.logback.classic.Logger::log (21 bytes)
Event: 207.865 Thread 0x0000027dc5969800 nmethod 5640 0x0000027db0cff190 code [0x0000027db0cff360, 0x0000027db0cff4f8]
Event: 207.870 Thread 0x0000027dc5969800 5641       3       java.util.concurrent.ScheduledThreadPoolExecutor$DelayedWorkQueue::siftDown (119 bytes)
Event: 207.870 Thread 0x0000027dc5969800 nmethod 5641 0x0000027db0cff610 code [0x0000027db0cff860, 0x0000027db0d00578]

GC Heap History (20 events):
Event: 0.875 GC heap before
{Heap before GC invocations=1 (full 0):
 garbage-first heap   total 126976K, used 13488K [0x0000000084400000, 0x0000000100000000)
  region size 1024K, 9 young (9216K), 2 survivors (2048K)
 Metaspace       used 11185K, capacity 11410K, committed 11648K, reserved 1060864K
  class space    used 1041K, capacity 1097K, committed 1152K, reserved 1048576K
}
Event: 0.878 GC heap after
{Heap after GC invocations=2 (full 0):
 garbage-first heap   total 126976K, used 6745K [0x0000000084400000, 0x0000000100000000)
  region size 1024K, 1 young (1024K), 1 survivors (1024K)
 Metaspace       used 11185K, capacity 11410K, committed 11648K, reserved 1060864K
  class space    used 1041K, capacity 1097K, committed 1152K, reserved 1048576K
}
Event: 1.501 GC heap before
{Heap before GC invocations=2 (full 0):
 garbage-first heap   total 126976K, used 32345K [0x0000000084400000, 0x0000000100000000)
  region size 1024K, 26 young (26624K), 1 survivors (1024K)
 Metaspace       used 16703K, capacity 17090K, committed 17280K, reserved 1064960K
  class space    used 1695K, capacity 1830K, committed 1920K, reserved 1048576K
}
Event: 1.504 GC heap after
{Heap after GC invocations=3 (full 0):
 garbage-first heap   total 126976K, used 8073K [0x0000000084400000, 0x0000000100000000)
  region size 1024K, 2 young (2048K), 2 survivors (2048K)
 Metaspace       used 16703K, capacity 17090K, committed 17280K, reserved 1064960K
  class space    used 1695K, capacity 1830K, committed 1920K, reserved 1048576K
}
Event: 1.795 GC heap before
{Heap before GC invocations=3 (full 0):
 garbage-first heap   total 126976K, used 28553K [0x0000000084400000, 0x0000000100000000)
  region size 1024K, 24 young (24576K), 2 survivors (2048K)
 Metaspace       used 20651K, capacity 21159K, committed 21296K, reserved 1069056K
  class space    used 2192K, capacity 2382K, committed 2432K, reserved 1048576K
}
Event: 1.798 GC heap after
{Heap after GC invocations=4 (full 0):
 garbage-first heap   total 126976K, used 9006K [0x0000000084400000, 0x0000000100000000)
  region size 1024K, 3 young (3072K), 3 survivors (3072K)
 Metaspace       used 20651K, capacity 21159K, committed 21296K, reserved 1069056K
  class space    used 2192K, capacity 2382K, committed 2432K, reserved 1048576K
}
Event: 2.638 GC heap before
{Heap before GC invocations=5 (full 0):
 garbage-first heap   total 126976K, used 60206K [0x0000000084400000, 0x0000000100000000)
  region size 1024K, 53 young (54272K), 3 survivors (3072K)
 Metaspace       used 26826K, capacity 27540K, committed 27696K, reserved 1073152K
  class space    used 2930K, capacity 3183K, committed 3200K, reserved 1048576K
}
Event: 2.643 GC heap after
{Heap after GC invocations=6 (full 0):
 garbage-first heap   total 126976K, used 10995K [0x0000000084400000, 0x0000000100000000)
  region size 1024K, 5 young (5120K), 5 survivors (5120K)
 Metaspace       used 26826K, capacity 27540K, committed 27696K, reserved 1073152K
  class space    used 2930K, capacity 3183K, committed 3200K, reserved 1048576K
}
Event: 4.238 GC heap before
{Heap before GC invocations=6 (full 0):
 garbage-first heap   total 126976K, used 75507K [0x0000000084400000, 0x0000000100000000)
  region size 1024K, 68 young (69632K), 5 survivors (5120K)
 Metaspace       used 33245K, capacity 34234K, committed 34352K, reserved 1079296K
  class space    used 3814K, capacity 4203K, committed 4224K, reserved 1048576K
}
Event: 4.256 GC heap after
{Heap after GC invocations=7 (full 0):
 garbage-first heap   total 126976K, used 13529K [0x0000000084400000, 0x0000000100000000)
  region size 1024K, 7 young (7168K), 7 survivors (7168K)
 Metaspace       used 33245K, capacity 34234K, committed 34352K, reserved 1079296K
  class space    used 3814K, capacity 4203K, committed 4224K, reserved 1048576K
}
Event: 4.875 GC heap before
{Heap before GC invocations=7 (full 0):
 garbage-first heap   total 126976K, used 22745K [0x0000000084400000, 0x0000000100000000)
  region size 1024K, 17 young (17408K), 7 survivors (7168K)
 Metaspace       used 34948K, capacity 35883K, committed 35920K, reserved 1081344K
  class space    used 3995K, capacity 4348K, committed 4352K, reserved 1048576K
}
Event: 4.889 GC heap after
{Heap after GC invocations=8 (full 0):
 garbage-first heap   total 152576K, used 14756K [0x0000000084400000, 0x0000000100000000)
  region size 1024K, 6 young (6144K), 6 survivors (6144K)
 Metaspace       used 34948K, capacity 35883K, committed 35920K, reserved 1081344K
  class space    used 3995K, capacity 4348K, committed 4352K, reserved 1048576K
}
Event: 6.497 GC heap before
{Heap before GC invocations=9 (full 0):
 garbage-first heap   total 152576K, used 75172K [0x0000000084400000, 0x0000000100000000)
  region size 1024K, 66 young (67584K), 6 survivors (6144K)
 Metaspace       used 45097K, capacity 46180K, committed 46492K, reserved 1089536K
  class space    used 5171K, capacity 5626K, committed 5708K, reserved 1048576K
}
Event: 6.507 GC heap after
{Heap after GC invocations=10 (full 0):
 garbage-first heap   total 152576K, used 18128K [0x0000000084400000, 0x0000000100000000)
  region size 1024K, 8 young (8192K), 8 survivors (8192K)
 Metaspace       used 45097K, capacity 46180K, committed 46492K, reserved 1089536K
  class space    used 5171K, capacity 5626K, committed 5708K, reserved 1048576K
}
Event: 8.161 GC heap before
{Heap before GC invocations=10 (full 0):
 garbage-first heap   total 152576K, used 83664K [0x0000000084400000, 0x0000000100000000)
  region size 1024K, 72 young (73728K), 8 survivors (8192K)
 Metaspace       used 58038K, capacity 59334K, committed 59676K, reserved 1101824K
  class space    used 7231K, capacity 7765K, committed 7884K, reserved 1048576K
}
Event: 8.175 GC heap after
{Heap after GC invocations=11 (full 0):
 garbage-first heap   total 152576K, used 20854K [0x0000000084400000, 0x0000000100000000)
  region size 1024K, 7 young (7168K), 7 survivors (7168K)
 Metaspace       used 58038K, capacity 59334K, committed 59676K, reserved 1101824K
  class space    used 7231K, capacity 7765K, committed 7884K, reserved 1048576K
}
Event: 8.587 GC heap before
{Heap before GC invocations=11 (full 0):
 garbage-first heap   total 152576K, used 30070K [0x0000000084400000, 0x0000000100000000)
  region size 1024K, 17 young (17408K), 7 survivors (7168K)
 Metaspace       used 58869K, capacity 60158K, committed 60316K, reserved 1101824K
  class space    used 7337K, capacity 7886K, committed 8012K, reserved 1048576K
}
Event: 8.594 GC heap after
{Heap after GC invocations=12 (full 0):
 garbage-first heap   total 152576K, used 21610K [0x0000000084400000, 0x0000000100000000)
  region size 1024K, 4 young (4096K), 4 survivors (4096K)
 Metaspace       used 58869K, capacity 60158K, committed 60316K, reserved 1101824K
  class space    used 7337K, capacity 7886K, committed 8012K, reserved 1048576K
}
Event: 90.180 GC heap before
{Heap before GC invocations=13 (full 0):
 garbage-first heap   total 152576K, used 90218K [0x0000000084400000, 0x0000000100000000)
  region size 1024K, 71 young (72704K), 4 survivors (4096K)
 Metaspace       used 66453K, capacity 67922K, committed 68124K, reserved 1107968K
  class space    used 8239K, capacity 8826K, committed 8908K, reserved 1048576K
}
Event: 90.199 GC heap after
{Heap after GC invocations=14 (full 0):
 garbage-first heap   total 152576K, used 26269K [0x0000000084400000, 0x0000000100000000)
  region size 1024K, 9 young (9216K), 9 survivors (9216K)
 Metaspace       used 66453K, capacity 67922K, committed 68124K, reserved 1107968K
  class space    used 8239K, capacity 8826K, committed 8908K, reserved 1048576K
}

Deoptimization events (20 events):
Event: 10.661 Thread 0x0000027dc9c6a800 DEOPT PACKING pc=0x0000027db78d6f5c sp=0x000000e6405fcbd0
Event: 10.661 Thread 0x0000027dc9c6a800 DEOPT UNPACKING pc=0x0000027dafac85af sp=0x000000e6405fcb60 mode 2
Event: 10.662 Thread 0x0000027dc9c6a800 Uncommon trap: trap_request=0xffffffde fr.pc=0x0000027db78d6f5c relative=0x000000000000177c
Event: 10.662 Thread 0x0000027dc9c6a800 Uncommon trap: reason=class_check action=maybe_recompile pc=0x0000027db78d6f5c method=java.util.concurrent.ConcurrentHashMap.putVal(Ljava/lang/Object;Ljava/lang/Object;Z)Ljava/lang/Object; @ 159 c2
Event: 10.662 Thread 0x0000027dc9c6a800 DEOPT PACKING pc=0x0000027db78d6f5c sp=0x000000e6405fce10
Event: 10.662 Thread 0x0000027dc9c6a800 DEOPT UNPACKING pc=0x0000027dafac85af sp=0x000000e6405fcda0 mode 2
Event: 10.851 Thread 0x0000027dc9c6a800 Uncommon trap: trap_request=0xffffff4d fr.pc=0x0000027db786d714 relative=0x00000000000002d4
Event: 10.851 Thread 0x0000027dc9c6a800 Uncommon trap: reason=unstable_if action=reinterpret pc=0x0000027db786d714 method=java.lang.Class.annotationData()Ljava/lang/Class$AnnotationData; @ 36 c2
Event: 10.851 Thread 0x0000027dc9c6a800 DEOPT PACKING pc=0x0000027db786d714 sp=0x000000e6405fc5b0
Event: 10.851 Thread 0x0000027dc9c6a800 DEOPT UNPACKING pc=0x0000027dafac85af sp=0x000000e6405fc590 mode 2
Event: 11.318 Thread 0x0000027dcb10e000 Uncommon trap: trap_request=0xffffff4d fr.pc=0x0000027db792e478 relative=0x0000000000000678
Event: 11.318 Thread 0x0000027dcb10e000 Uncommon trap: reason=unstable_if action=reinterpret pc=0x0000027db792e478 method=org.apache.tomcat.util.buf.MessageBytes.equalsIgnoreCase(Ljava/lang/String;)Z @ 4 c2
Event: 11.318 Thread 0x0000027dcb10e000 DEOPT PACKING pc=0x0000027db792e478 sp=0x000000e6408fea40
Event: 11.318 Thread 0x0000027dcb10e000 DEOPT UNPACKING pc=0x0000027dafac85af sp=0x000000e6408fea10 mode 2
Event: 84.579 Thread 0x0000027dcb109000 Uncommon trap: trap_request=0xffffffdc fr.pc=0x0000027db795cb7c relative=0x000000000000023c
Event: 84.579 Thread 0x0000027dcb109000 Uncommon trap: reason=class_check action=make_not_entrant pc=0x0000027db795cb7c method=java.util.ArrayList.toArray([Ljava/lang/Object;)[Ljava/lang/Object; @ 21 c2
Event: 84.579 Thread 0x0000027dcb109000 DEOPT PACKING pc=0x0000027db795cb7c sp=0x000000e6407fd410
Event: 84.579 Thread 0x0000027dcb109000 DEOPT UNPACKING pc=0x0000027dafac85af sp=0x000000e6407fd3d0 mode 2
Event: 207.849 Thread 0x0000027dc9c6f000 DEOPT PACKING pc=0x0000027db00b121b sp=0x000000e6400fd490
Event: 207.849 Thread 0x0000027dc9c6f000 DEOPT UNPACKING pc=0x0000027dafb09d0e sp=0x000000e6400fc9d0 mode 0

Classes redefined (0 events):
No events

Internal exceptions (20 events):
Event: 7.821 Thread 0x0000027dc6dea000 Exception <a 'java/lang/NoSuchMethodError'{0x000000008a81d928}: 'java.lang.Object java.lang.invoke.DirectMethodHandle$Holder.invokeStaticInit(java.lang.Object, java.lang.Object, java.lang.Object, java.lang.Object, int, int)'> (0x000000008a81d928) thrown at [s\src\hotspot\share\interpreter\linkResolver.cpp, line 773]
Event: 8.106 Thread 0x0000027dc6dea000 Exception <a 'java/lang/ClassNotFoundException'{0x0000000089b3f0e8}: java/lang/ObjectCustomizer> (0x0000000089b3f0e8) thrown at [s\src\hotspot\share\classfile\systemDictionary.cpp, line 233]
Event: 8.107 Thread 0x0000027dc6dea000 Exception <a 'java/lang/ClassNotFoundException'{0x0000000089b5a1a8}: org/springframework/web/servlet/config/annotation/WebMvcConfigurationSupportCustomizer> (0x0000000089b5a1a8) thrown at [s\src\hotspot\share\classfile\systemDictionary.cpp, line 233]
Event: 8.108 Thread 0x0000027dc6dea000 Exception <a 'java/lang/ClassNotFoundException'{0x0000000089b81bb8}: org/springframework/web/servlet/config/annotation/DelegatingWebMvcConfigurationCustomizer> (0x0000000089b81bb8) thrown at [s\src\hotspot\share\classfile\systemDictionary.cpp, line 233]
Event: 8.110 Thread 0x0000027dc6dea000 Exception <a 'java/lang/ClassNotFoundException'{0x0000000089ba17d0}: org/springframework/boot/autoconfigure/web/servlet/WebMvcAutoConfiguration$EnableWebMvcConfigurationCustomizer> (0x0000000089ba17d0) thrown at [s\src\hotspot\share\classfile\systemDictionary.cpp, line 233]
Event: 8.111 Thread 0x0000027dc6dea000 Exception <a 'java/lang/ClassNotFoundException'{0x0000000089bc2e30}: org/springframework/context/ResourceLoaderAwareCustomizer> (0x0000000089bc2e30) thrown at [s\src\hotspot\share\classfile\systemDictionary.cpp, line 233]
Event: 8.112 Thread 0x0000027dc6dea000 Exception <a 'java/lang/ClassNotFoundException'{0x0000000089bd6008}: org/springframework/beans/factory/AwareCustomizer> (0x0000000089bd6008) thrown at [s\src\hotspot\share\classfile\systemDictionary.cpp, line 233]
Event: 8.112 Thread 0x0000027dc6dea000 Exception <a 'java/lang/ClassNotFoundException'{0x0000000089bea108}: org/springframework/context/ApplicationContextAwareCustomizer> (0x0000000089bea108) thrown at [s\src\hotspot\share\classfile\systemDictionary.cpp, line 233]
Event: 8.113 Thread 0x0000027dc6dea000 Exception <a 'java/lang/ClassNotFoundException'{0x0000000089bfdc70}: org/springframework/beans/factory/AwareCustomizer> (0x0000000089bfdc70) thrown at [s\src\hotspot\share\classfile\systemDictionary.cpp, line 233]
Event: 8.114 Thread 0x0000027dc6dea000 Exception <a 'java/lang/ClassNotFoundException'{0x0000000089a12250}: org/springframework/web/context/ServletContextAwareCustomizer> (0x0000000089a12250) thrown at [s\src\hotspot\share\classfile\systemDictionary.cpp, line 233]
Event: 8.114 Thread 0x0000027dc6dea000 Exception <a 'java/lang/ClassNotFoundException'{0x0000000089a25890}: org/springframework/beans/factory/AwareCustomizer> (0x0000000089a25890) thrown at [s\src\hotspot\share\classfile\systemDictionary.cpp, line 233]
Event: 8.556 Thread 0x0000027dc6dea000 Exception <a 'java/lang/NoSuchMethodError'{0x000000008d188988}: 'void java.lang.invoke.DirectMethodHandle$Holder.invokeVirtual(java.lang.Object, java.lang.Object, int)'> (0x000000008d188988) thrown at [s\src\hotspot\share\interpreter\linkResolver.cpp, line 773]
Event: 8.558 Thread 0x0000027dc6dea000 Exception <a 'java/lang/NoSuchMethodError'{0x000000008d1a25e8}: 'void java.lang.invoke.DirectMethodHandle$Holder.invokeVirtual(java.lang.Object, java.lang.Object, long)'> (0x000000008d1a25e8) thrown at [s\src\hotspot\share\interpreter\linkResolver.cpp, line 773]
Event: 8.818 Thread 0x0000027dc6dea000 Exception <a 'java/lang/IncompatibleClassChangeError'{0x000000008d140bd0}: Found class java.lang.Object, but interface was expected> (0x000000008d140bd0) thrown at [s\src\hotspot\share\interpreter\linkResolver.cpp, line 839]
Event: 8.933 Thread 0x0000027dc6dea000 Exception <a 'java/lang/NoSuchMethodError'{0x000000008cfe4a58}: 'int java.lang.invoke.DirectMethodHandle$Holder.invokeStaticInit(java.lang.Object, java.lang.Object, java.lang.Object, java.lang.Object)'> (0x000000008cfe4a58) thrown at [s\src\hotspot\share\interpreter\linkResolver.cpp, line 773]
Event: 9.135 Thread 0x0000027dc6dea000 Implicit null exception at 0x0000027db76b1e5a to 0x0000027db76b2048
Event: 9.315 Thread 0x0000027dc6dea000 Exception <a 'java/lang/NoSuchMethodError'{0x000000008c270b20}: 'java.lang.Object java.lang.invoke.DirectMethodHandle$Holder.invokeSpecial(java.lang.Object, java.lang.Object, int, java.lang.Object, int, java.lang.Object)'> (0x000000008c270b20) thrown at [s\src\hotspot\share\interpreter\linkResolver.cpp, line 773]
Event: 9.315 Thread 0x0000027dc6dea000 Exception <a 'java/lang/NoSuchMethodError'{0x000000008c2782b0}: 'java.lang.Object java.lang.invoke.DirectMethodHandle$Holder.invokeStatic(java.lang.Object, java.lang.Object, int, java.lang.Object, int)'> (0x000000008c2782b0) thrown at [s\src\hotspot\share\interpreter\linkResolver.cpp, line 773]
Event: 9.316 Thread 0x0000027dc6dea000 Exception <a 'java/lang/NoSuchMethodError'{0x000000008c27ba90}: 'java.lang.Object java.lang.invoke.DirectMethodHandle$Holder.invokeSpecial(java.lang.Object, java.lang.Object, java.lang.Object, int, java.lang.Object, int)'> (0x000000008c27ba90) thrown at [s\src\hotspot\share\interpreter\linkResolver.cpp, line 773]
Event: 9.332 Thread 0x0000027dc6dea000 Exception <a 'java/lang/NoSuchMethodError'{0x000000008c2f95b0}: 'void java.lang.invoke.DirectMethodHandle$Holder.invokeVirtual(java.lang.Object, java.lang.Object)'> (0x000000008c2f95b0) thrown at [s\src\hotspot\share\interpreter\linkResolver.cpp, line 773]

Events (20 events):
Event: 84.464 loading class org/apache/catalina/webresources/AbstractArchiveResourceSet done
Event: 84.583 loading class org/springframework/http/MediaTypeFactory
Event: 84.583 loading class org/springframework/http/MediaTypeFactory done
Event: 84.584 Executing VM operation: RevokeBias
Event: 84.585 Executing VM operation: RevokeBias done
Event: 84.585 Executing VM operation: RevokeBias
Event: 84.585 Executing VM operation: RevokeBias done
Event: 84.594 Thread 0x0000027dc596a800 Thread added: 0x0000027dc596a800
Event: 84.601 loading class org/springframework/core/io/Resource
Event: 84.601 loading class org/springframework/core/io/Resource done
Event: 84.608 Executing VM operation: RevokeBias
Event: 84.610 Executing VM operation: RevokeBias done
Event: 84.610 Executing VM operation: RevokeBias
Event: 84.610 Executing VM operation: RevokeBias done
Event: 85.536 Thread 0x0000027dc596a800 Thread exited: 0x0000027dc596a800
Event: 90.180 Executing VM operation: G1CollectForAllocation
Event: 90.199 Executing VM operation: G1CollectForAllocation done
Event: 90.200 Executing VM operation: RevokeBias
Event: 90.200 Executing VM operation: RevokeBias done
Event: 135.580 Loaded shared library C:\Program Files\Zulu\zulu-11\bin\java.dll


Dynamic libraries:
0x00007ff7442d0000 - 0x00007ff7442dd000 	C:\Program Files\Zulu\zulu-11\bin\java.exe
0x00007ffc04940000 - 0x00007ffc04b49000 	C:\Windows\SYSTEM32\ntdll.dll
0x00007ffc04020000 - 0x00007ffc040de000 	C:\Windows\System32\KERNEL32.DLL
0x00007ffc02280000 - 0x00007ffc025fc000 	C:\Windows\System32\KERNELBASE.dll
0x00007ffc02000000 - 0x00007ffc02111000 	C:\Windows\System32\ucrtbase.dll
0x00007ffbf6f80000 - 0x00007ffbf6f95000 	C:\Program Files\Zulu\zulu-11\bin\VCRUNTIME140.dll
0x00007ffbf6f10000 - 0x00007ffbf6f27000 	C:\Program Files\Zulu\zulu-11\bin\jli.dll
0x00007ffc04690000 - 0x00007ffc0483d000 	C:\Windows\System32\USER32.dll
0x00007ffc02790000 - 0x00007ffc027b6000 	C:\Windows\System32\win32u.dll
0x00007ffc04660000 - 0x00007ffc04689000 	C:\Windows\System32\GDI32.dll
0x00007ffbeeed0000 - 0x00007ffbef175000 	C:\Windows\WinSxS\amd64_microsoft.windows.common-controls_6595b64144ccf1df_6.0.22000.120_none_9d947278b86cc467\COMCTL32.dll
0x00007ffc02600000 - 0x00007ffc02718000 	C:\Windows\System32\gdi32full.dll
0x00007ffc03cc0000 - 0x00007ffc03d63000 	C:\Windows\System32\msvcrt.dll
0x00007ffc02120000 - 0x00007ffc021bd000 	C:\Windows\System32\msvcp_win.dll
0x00007ffc04150000 - 0x00007ffc04181000 	C:\Windows\System32\IMM32.DLL
0x00007ffbe5790000 - 0x00007ffbe582b000 	C:\Program Files\Zulu\zulu-11\bin\msvcp140.dll
0x00007ffbd0460000 - 0x00007ffbd0ff6000 	C:\Program Files\Zulu\zulu-11\bin\server\jvm.dll
0x00007ffc04510000 - 0x00007ffc045be000 	C:\Windows\System32\ADVAPI32.dll
0x00007ffc045c0000 - 0x00007ffc0465e000 	C:\Windows\System32\sechost.dll
0x00007ffc02990000 - 0x00007ffc02ab0000 	C:\Windows\System32\RPCRT4.dll
0x00007ffc031c0000 - 0x00007ffc031c8000 	C:\Windows\System32\PSAPI.DLL
0x00007ffbeb720000 - 0x00007ffbeb729000 	C:\Windows\SYSTEM32\WSOCK32.dll
0x00007ffbfbff0000 - 0x00007ffbfc023000 	C:\Windows\SYSTEM32\WINMM.dll
0x00007ffc02830000 - 0x00007ffc0289f000 	C:\Windows\System32\WS2_32.dll
0x00007ffbfa2f0000 - 0x00007ffbfa2fa000 	C:\Windows\SYSTEM32\VERSION.dll
0x00007ffc00f00000 - 0x00007ffc00f18000 	C:\Windows\SYSTEM32\kernel.appcore.dll
0x00007ffbfddc0000 - 0x00007ffbfddd0000 	C:\Program Files\Zulu\zulu-11\bin\verify.dll
0x00007ffbffa40000 - 0x00007ffbffc61000 	C:\Windows\SYSTEM32\DBGHELP.DLL
0x00007ffbfbf80000 - 0x00007ffbfbfb1000 	C:\Windows\SYSTEM32\dbgcore.DLL
0x00007ffc01e10000 - 0x00007ffc01e8f000 	C:\Windows\System32\bcryptPrimitives.dll
0x00007ffbeea50000 - 0x00007ffbeea78000 	C:\Program Files\Zulu\zulu-11\bin\java.dll
0x00007ffbfdae0000 - 0x00007ffbfdaea000 	C:\Program Files\Zulu\zulu-11\bin\jimage.dll
0x00007ffbfa750000 - 0x00007ffbfa75e000 	C:\Program Files\Zulu\zulu-11\bin\instrument.dll
0x00007ffbf06c0000 - 0x00007ffbf06d8000 	C:\Program Files\Zulu\zulu-11\bin\zip.dll
0x00007ffc03370000 - 0x00007ffc03b35000 	C:\Windows\System32\SHELL32.dll
0x00007ffbfff00000 - 0x00007ffc00765000 	C:\Windows\SYSTEM32\windows.storage.dll
0x00007ffc04190000 - 0x00007ffc04506000 	C:\Windows\System32\combase.dll
0x00007ffbffd90000 - 0x00007ffbffef6000 	C:\Windows\SYSTEM32\wintypes.dll
0x00007ffc03bd0000 - 0x00007ffc03cba000 	C:\Windows\System32\SHCORE.dll
0x00007ffc027c0000 - 0x00007ffc0281d000 	C:\Windows\System32\shlwapi.dll
0x00007ffc01d40000 - 0x00007ffc01d61000 	C:\Windows\SYSTEM32\profapi.dll
0x00007ffbf0500000 - 0x00007ffbf0519000 	C:\Program Files\Zulu\zulu-11\bin\net.dll
0x00007ffbfc210000 - 0x00007ffbfc322000 	C:\Windows\SYSTEM32\WINHTTP.dll
0x00007ffc01420000 - 0x00007ffc01487000 	C:\Windows\system32\mswsock.dll
0x00007ffbf0240000 - 0x00007ffbf0253000 	C:\Program Files\Zulu\zulu-11\bin\nio.dll
0x00007ffbf5130000 - 0x00007ffbf514a000 	C:\Program Files\JetBrains\IntelliJ IDEA Community Edition 2023.1.1\bin\breakgen64.dll
0x00007ffbfa740000 - 0x00007ffbfa749000 	C:\Program Files\Zulu\zulu-11\bin\management.dll
0x00007ffbfa6d0000 - 0x00007ffbfa6db000 	C:\Program Files\Zulu\zulu-11\bin\management_ext.dll
0x00007ffbe94f0000 - 0x00007ffbe9507000 	C:\Windows\system32\napinsp.dll
0x00007ffbe94d0000 - 0x00007ffbe94eb000 	C:\Windows\system32\pnrpnsp.dll
0x00007ffc009d0000 - 0x00007ffc00ab8000 	C:\Windows\SYSTEM32\DNSAPI.dll
0x00007ffc009a0000 - 0x00007ffc009cd000 	C:\Windows\SYSTEM32\IPHLPAPI.DLL
0x00007ffc02820000 - 0x00007ffc02829000 	C:\Windows\System32\NSI.dll
0x00007ffbe94b0000 - 0x00007ffbe94c2000 	C:\Windows\System32\winrnr.dll
0x00007ffbe9490000 - 0x00007ffbe94a5000 	C:\Windows\system32\wshbth.dll
0x00007ffbe9470000 - 0x00007ffbe948f000 	C:\Windows\system32\nlansp_c.dll
0x00007ffbf4f00000 - 0x00007ffbf4f0a000 	C:\Windows\System32\rasadhlp.dll
0x00007ffbf4e70000 - 0x00007ffbf4ef1000 	C:\Windows\System32\fwpuclnt.dll
0x00007ffc01660000 - 0x00007ffc01678000 	C:\Windows\SYSTEM32\CRYPTSP.dll
0x00007ffc00e60000 - 0x00007ffc00e95000 	C:\Windows\system32\rsaenh.dll
0x00007ffc01510000 - 0x00007ffc01539000 	C:\Windows\SYSTEM32\USERENV.dll
0x00007ffc017f0000 - 0x00007ffc01817000 	C:\Windows\SYSTEM32\bcrypt.dll
0x00007ffc01680000 - 0x00007ffc0168c000 	C:\Windows\SYSTEM32\CRYPTBASE.dll
0x00007ffbfa870000 - 0x00007ffbfa889000 	C:\Windows\SYSTEM32\dhcpcsvc6.DLL
0x00007ffbfb4a0000 - 0x00007ffbfb4be000 	C:\Windows\SYSTEM32\dhcpcsvc.DLL
0x00007ffbf1670000 - 0x00007ffbf1695000 	C:\Program Files\Zulu\zulu-11\bin\sunec.dll
0x00007ffbf6b80000 - 0x00007ffbf6b8e000 	C:\Program Files\Zulu\zulu-11\bin\sunmscapi.dll
0x00007ffc01e90000 - 0x00007ffc01ff2000 	C:\Windows\System32\CRYPT32.dll
0x00007ffc017c0000 - 0x00007ffc017e8000 	C:\Windows\SYSTEM32\ncrypt.dll
0x00007ffc01780000 - 0x00007ffc017b7000 	C:\Windows\SYSTEM32\NTASN1.dll

dbghelp: loaded successfully - version: 4.0.5 - missing functions: none
symbol engine: initialized successfully - sym options: 0x614 - pdb path: .;C:\Program Files\Zulu\zulu-11\bin;C:\Windows\SYSTEM32;C:\Windows\WinSxS\amd64_microsoft.windows.common-controls_6595b64144ccf1df_6.0.22000.120_none_9d947278b86cc467;C:\Program Files\Zulu\zulu-11\bin\server;C:\Program Files\JetBrains\IntelliJ IDEA Community Edition 2023.1.1\bin

VM Arguments:
jvm_args: -javaagent:C:\Program Files\JetBrains\IntelliJ IDEA Community Edition 2023.1.1\lib\idea_rt.jar=49822:C:\Program Files\JetBrains\IntelliJ IDEA Community Edition 2023.1.1\bin -Dfile.encoding=UTF-8 
java_command: com.gnb.MyWasteFree.MyWasteFreeApplication
java_class_path (initial): C:\Users\YB\Desktop\MyWasteFree\MyWasteFree\target\classes;C:\Users\YB\.m2\repository\org\springframework\boot\spring-boot-starter-data-jpa\2.7.11\spring-boot-starter-data-jpa-2.7.11.jar;C:\Users\YB\.m2\repository\org\springframework\boot\spring-boot-starter-aop\2.7.11\spring-boot-starter-aop-2.7.11.jar;C:\Users\YB\.m2\repository\org\springframework\spring-aop\5.3.27\spring-aop-5.3.27.jar;C:\Users\YB\.m2\repository\org\aspectj\aspectjweaver\1.9.7\aspectjweaver-1.9.7.jar;C:\Users\YB\.m2\repository\org\springframework\boot\spring-boot-starter-jdbc\2.7.11\spring-boot-starter-jdbc-2.7.11.jar;C:\Users\YB\.m2\repository\com\zaxxer\HikariCP\4.0.3\HikariCP-4.0.3.jar;C:\Users\YB\.m2\repository\org\springframework\spring-jdbc\5.3.27\spring-jdbc-5.3.27.jar;C:\Users\YB\.m2\repository\jakarta\transaction\jakarta.transaction-api\1.3.3\jakarta.transaction-api-1.3.3.jar;C:\Users\YB\.m2\repository\jakarta\persistence\jakarta.persistence-api\2.2.3\jakarta.persistence-api-2.2.3.jar;C:\Users\YB\.m2\repository\org\hibernate\hibernate-core\5.6.15.Final\hibernate-core-5.6.15.Final.jar;C:\Users\YB\.m2\repository\org\jboss\logging\jboss-logging\3.4.3.Final\jboss-logging-3.4.3.Final.jar;C:\Users\YB\.m2\repository\net\bytebuddy\byte-buddy\1.12.23\byte-buddy-1.12.23.jar;C:\Users\YB\.m2\repository\antlr\antlr\2.7.7\antlr-2.7.7.jar;C:\Users\YB\.m2\repository\org\jboss\jandex\2.4.2.Final\jandex-2.4.2.Final.jar;C:\Users\YB\.m2\repository\com\fasterxml\classmate\1.5.1\classmate-1.5.1.jar;C:\Users\YB\.m2\repository\org\hibernate\common\hibernate-commons-annotations\5.1.2.Final\hibernate-commons-annotations-5.1.2.Final.jar;C:\Users\YB\.m2\repository\org\glassfish\jaxb\jaxb-runtime\2.3.8\jaxb-runtime-2.3.8.jar;C:\Users\YB\.m2\repository\org\glassfish\jaxb\txw2\2.3.8\txw2-2.3.8.jar;C:\Users\YB\.m2\repository\com\sun\istack\istack-commons-runtime\3.0.12\istack-commons-runtime-3.0.12.jar;C:\Users\YB\.m2\repository\com\sun\activation\jakarta.activation\1.2.2\jakarta.activation
Launcher Type: SUN_STANDARD

[Global flags]
     intx CICompilerCount                          = 3                                         {product} {ergonomic}
     uint ConcGCThreads                            = 1                                         {product} {ergonomic}
     uint G1ConcRefinementThreads                  = 4                                         {product} {ergonomic}
   size_t G1HeapRegionSize                         = 1048576                                   {product} {ergonomic}
    uintx GCDrainStackTargetSize                   = 64                                        {product} {ergonomic}
   size_t InitialHeapSize                          = 130023424                                 {product} {ergonomic}
   size_t MarkStackSize                            = 4194304                                   {product} {ergonomic}
   size_t MaxHeapSize                              = 2076180480                                {product} {ergonomic}
   size_t MaxNewSize                               = 1245708288                                {product} {ergonomic}
   size_t MinHeapDeltaBytes                        = 1048576                                   {product} {ergonomic}
    uintx NonNMethodCodeHeapSize                   = 5830732                                {pd product} {ergonomic}
    uintx NonProfiledCodeHeapSize                  = 122913754                              {pd product} {ergonomic}
    uintx ProfiledCodeHeapSize                     = 122913754                              {pd product} {ergonomic}
    uintx ReservedCodeCacheSize                    = 251658240                              {pd product} {ergonomic}
     bool SegmentedCodeCache                       = true                                      {product} {ergonomic}
     bool UseCompressedClassPointers               = true                                 {lp64_product} {ergonomic}
     bool UseCompressedOops                        = true                                 {lp64_product} {ergonomic}
     bool UseG1GC                                  = true                                      {product} {ergonomic}
     bool UseLargePagesIndividualAllocation        = false                                  {pd product} {ergonomic}

Logging:
Log output configuration:
 #0: stdout all=warning uptime,level,tags
 #1: stderr all=off uptime,level,tags

Environment Variables:
JAVA_HOME=C:\Program Files\Zulu\zulu-11\
CLASSPATH=.;C:\Program Files\Zulu\zulu-11\lib\\tools.jal
PATH=C:\oraclexe\app\oracle\product\11.2.0\server\bin;"C:\Program Files\Zulu\zulu-11\\bin;C:\Program Files\Common Files\Oracle\Java\javapath";C:\Windows\system32;C:\Windows;C:\Windows\System32\Wbem;C:\Windows\System32\WindowsPowerShell\v1.0\;C:\Windows\System32\OpenSSH\;C:\Users\YB\AppData\Local\Android\Sdk\tools;C:\Users\YB\AppData\Local\Android\Sdk\platform-tools;C:\Program Files\Zulu\zulu-11\bin;C:\Program Files\Git\cmd;C:\Program Files (x86)\PuTTY\;C:\Program Files\Zulu\zulu-11\\bin;C:\Program Files\MySQL\MySQL Shell 8.0\bin\;C:\Users\YB\AppData\Local\Microsoft\WindowsApps;C:\Users\YB\AppData\Local\GitHubDesktop\bin;C:\Users\YB\AppData\Local\Programs\Microsoft VS Code\bin;C:\Program Files\JetBrains\IntelliJ IDEA Community Edition 2023.1.1\bin;
USERNAME=YB
OS=Windows_NT
PROCESSOR_IDENTIFIER=Intel64 Family 6 Model 140 Stepping 1, GenuineIntel
TMP=C:\Users\YB\AppData\Local\Temp
TEMP=C:\Users\YB\AppData\Local\Temp



---------------  S Y S T E M  ---------------

OS: Windows 11 , 64 bit Build 22000 (10.0.22000.1516)
OS uptime: 9 days 4:08 hours

CPU:total 4 (initial active 4) (2 cores per cpu, 2 threads per core) family 6 model 140 stepping 1 microcode 0x9a, cmov, cx8, fxsr, mmx, sse, sse2, sse3, ssse3, sse4.1, sse4.2, popcnt, avx, avx2, aes, clmul, erms, 3dnowpref, lzcnt, ht, tsc, tscinvbit, bmi1, bmi2, adx, evex, sha, fma

Memory: 4k page, system-wide physical 7916M (524M free)
TotalPageFile size 16861M (AvailPageFile size 3M)
current process WorkingSet (physical memory assigned to process): 277M, peak: 293M
current process commit charge ("private bytes"): 340M, peak: 357M

vm_info: OpenJDK 64-Bit Server VM (11.0.19+7-LTS) for windows-amd64 JRE (Zulu11.64+19-CA) (11.0.19+7-LTS), built on Apr 10 2023 13:00:29 by "zulu_re" with MS VC++ 15.9 (VS2017)

END.
