#
# There is insufficient memory for the Java Runtime Environment to continue.
# Native memory allocation (malloc) failed to allocate 32744 bytes for ChunkPool::allocate
# Possible reasons:
#   The system is out of physical RAM or swap space
#   The process is running with CompressedOops enabled, and the Java Heap may be blocking the growth of the native heap
# Possible solutions:
#   Reduce memory load on the system
#   Increase physical memory or swap space
#   Check if swap backing store is full
#   Decrease Java heap size (-Xmx/-Xms)
#   Decrease number of Java threads
#   Decrease Java thread stack sizes (-Xss)
#   Set larger code cache with -XX:ReservedCodeCacheSize=
#   JVM is running with Unscaled Compressed Oops mode in which the Java heap is
#     placed in the first 4GB address space. The Java Heap base address is the
#     maximum limit for the native heap growth. Please use -XX:HeapBaseMinAddress
#     to set the Java Heap base and to place the Java Heap above 4GB virtual address.
# This output file may be truncated or incomplete.
#
#  Out of Memory Error (arena.cpp:81), pid=20528, tid=23792
#
# JRE version: OpenJDK Runtime Environment Zulu11.64+19-CA (11.0.19+7) (build 11.0.19+7-LTS)
# Java VM: OpenJDK 64-Bit Server VM Zulu11.64+19-CA (11.0.19+7-LTS, mixed mode, tiered, compressed oops, g1 gc, windows-amd64)
# No core dump will be written. Minidumps are not enabled by default on client versions of Windows
#

---------------  S U M M A R Y ------------

Command Line: -javaagent:C:\Program Files\JetBrains\IntelliJ IDEA Community Edition 2023.1.1\lib\idea_rt.jar=50039:C:\Program Files\JetBrains\IntelliJ IDEA Community Edition 2023.1.1\bin -Dfile.encoding=UTF-8 com.gnb.MyWasteFree.MyWasteFreeApplication

Host: Intel(R) Pentium(R) Gold 7505 @ 2.00GHz, 4 cores, 7G,  Windows 11 , 64 bit Build 22000 (10.0.22000.1516)
Time: Thu May 11 23:35:36 2023  Windows 11 , 64 bit Build 22000 (10.0.22000.1516) elapsed time: 5.040152 seconds (0d 0h 0m 5s)

---------------  T H R E A D  ---------------

Current thread (0x00000234c7ce3800):  JavaThread "C2 CompilerThread0" daemon [_thread_in_native, id=23792, stack(0x000000dd8db00000,0x000000dd8dc00000)]


Current CompileTask:
C2:   5040 2107       4       java.lang.invoke.MethodType::makeImpl (108 bytes)

Stack: [0x000000dd8db00000,0x000000dd8dc00000]
Native frames: (J=compiled Java code, j=interpreted, Vv=VM code, C=native code)
V  [jvm.dll+0x62c3ca]
V  [jvm.dll+0x7ba6b9]
V  [jvm.dll+0x7bbda8]
V  [jvm.dll+0x7bc483]
V  [jvm.dll+0x253298]
V  [jvm.dll+0xc26ab]
V  [jvm.dll+0xc2a0c]
V  [jvm.dll+0x367b58]
V  [jvm.dll+0x367001]
V  [jvm.dll+0x367044]
V  [jvm.dll+0x51fc06]
V  [jvm.dll+0x520372]
V  [jvm.dll+0x32dbf2]
V  [jvm.dll+0x32cefa]
V  [jvm.dll+0x208a63]
V  [jvm.dll+0x207bbd]
V  [jvm.dll+0x18a081]
V  [jvm.dll+0x2174f4]
V  [jvm.dll+0x21573b]
V  [jvm.dll+0x77d260]
V  [jvm.dll+0x776184]
V  [jvm.dll+0x62b235]
C  [ucrtbase.dll+0x26c0c]
C  [KERNEL32.DLL+0x155a0]
C  [ntdll.dll+0x485b]


---------------  P R O C E S S  ---------------

Threads class SMR info:
_java_thread_list=0x00000234c96f2620, length=13, elements={
0x00000234a6dca000, 0x00000234c73b1000, 0x00000234c73ba000, 0x00000234c73dc000,
0x00000234c7cdd800, 0x00000234c7cdf000, 0x00000234c7ce3800, 0x00000234c73dd000,
0x00000234c73de800, 0x00000234a6e9a000, 0x00000234c82bb800, 0x00000234c82bf800,
0x00000234c863a000
}

Java Threads: ( => current thread )
  0x00000234a6dca000 JavaThread "main" [_thread_blocked, id=21828, stack(0x000000dd8ce00000,0x000000dd8cf00000)]
  0x00000234c73b1000 JavaThread "Reference Handler" daemon [_thread_blocked, id=12012, stack(0x000000dd8d600000,0x000000dd8d700000)]
  0x00000234c73ba000 JavaThread "Finalizer" daemon [_thread_blocked, id=19912, stack(0x000000dd8d700000,0x000000dd8d800000)]
  0x00000234c73dc000 JavaThread "Signal Dispatcher" daemon [_thread_blocked, id=25972, stack(0x000000dd8d800000,0x000000dd8d900000)]
  0x00000234c7cdd800 JavaThread "Attach Listener" daemon [_thread_blocked, id=10928, stack(0x000000dd8d900000,0x000000dd8da00000)]
  0x00000234c7cdf000 JavaThread "Service Thread" daemon [_thread_blocked, id=24672, stack(0x000000dd8da00000,0x000000dd8db00000)]
=>0x00000234c7ce3800 JavaThread "C2 CompilerThread0" daemon [_thread_in_native, id=23792, stack(0x000000dd8db00000,0x000000dd8dc00000)]
  0x00000234c73dd000 JavaThread "C1 CompilerThread0" daemon [_thread_in_native, id=21788, stack(0x000000dd8dc00000,0x000000dd8dd00000)]
  0x00000234c73de800 JavaThread "Sweeper thread" daemon [_thread_blocked, id=21888, stack(0x000000dd8dd00000,0x000000dd8de00000)]
  0x00000234a6e9a000 JavaThread "Common-Cleaner" daemon [_thread_blocked, id=8428, stack(0x000000dd8de00000,0x000000dd8df00000)]
  0x00000234c82bb800 JavaThread "Monitor Ctrl-Break" daemon [_thread_in_native, id=13732, stack(0x000000dd8df00000,0x000000dd8e000000)]
  0x00000234c82bf800 JavaThread "Thread-0" [_thread_blocked, id=19368, stack(0x000000dd8e300000,0x000000dd8e400000)]
  0x00000234c863a000 JavaThread "restartedMain" [_thread_in_vm, id=15248, stack(0x000000dd8e400000,0x000000dd8e500000)]

Other Threads:
  0x00000234c738f800 VMThread "VM Thread" [stack: 0x000000dd8d500000,0x000000dd8d600000] [id=15004]
  0x00000234c82be800 WatcherThread [stack: 0x000000dd8e000000,0x000000dd8e100000] [id=8112]
  0x00000234a6de3000 GCTaskThread "GC Thread#0" [stack: 0x000000dd8d000000,0x000000dd8d100000] [id=18468]
  0x00000234c8633000 GCTaskThread "GC Thread#1" [stack: 0x000000dd8e100000,0x000000dd8e200000] [id=19904]
  0x00000234c8d5b000 GCTaskThread "GC Thread#2" [stack: 0x000000dd8e600000,0x000000dd8e700000] [id=25864]
  0x00000234c8d5c000 GCTaskThread "GC Thread#3" [stack: 0x000000dd8e700000,0x000000dd8e800000] [id=6392]
  0x00000234a6e0c800 ConcurrentGCThread "G1 Main Marker" [stack: 0x000000dd8d100000,0x000000dd8d200000] [id=12684]
  0x00000234a6e0e800 ConcurrentGCThread "G1 Conc#0" [stack: 0x000000dd8d200000,0x000000dd8d300000] [id=15828]
  0x00000234a6e90800 ConcurrentGCThread "G1 Refine#0" [stack: 0x000000dd8d300000,0x000000dd8d400000] [id=18396]
  0x00000234c7f8c000 ConcurrentGCThread "G1 Refine#1" [stack: 0x000000dd8e200000,0x000000dd8e300000] [id=5384]
  0x00000234a6e91800 ConcurrentGCThread "G1 Young RemSet Sampling" [stack: 0x000000dd8d400000,0x000000dd8d500000] [id=13240]

Threads with active compile tasks:
C2 CompilerThread0     5068 2107       4       java.lang.invoke.MethodType::makeImpl (108 bytes)
C1 CompilerThread0     5068 2164       3       org.springframework.util.StringUtils::cleanPath (346 bytes)

VM state:not at safepoint (normal execution)

VM Mutex/Monitor currently owned by a thread: None

Heap address: 0x0000000084400000, size: 1980 MB, Compressed Oops mode: 32-bit
Narrow klass base: 0x0000000000000000, Narrow klass shift: 3
Compressed class space size: 1073741824 Address: 0x0000000100000000

Heap:
 garbage-first heap   total 126976K, used 49724K [0x0000000084400000, 0x0000000100000000)
  region size 1024K, 44 young (45056K), 3 survivors (3072K)
 Metaspace       used 26237K, capacity 26927K, committed 27184K, reserved 1073152K
  class space    used 2880K, capacity 3132K, committed 3200K, reserved 1048576K
Heap Regions: E=young(eden), S=young(survivor), O=old, HS=humongous(starts), HC=humongous(continues), CS=collection set, F=free, A=archive, TAMS=top-at-mark-start (previous, next)
|   0|0x0000000084400000, 0x0000000084500000, 0x0000000084500000|100%|HS|  |TAMS 0x0000000084500000, 0x0000000084400000| Complete 
|   1|0x0000000084500000, 0x0000000084600000, 0x0000000084600000|100%| O|  |TAMS 0x0000000084600000, 0x0000000084500000| Untracked 
|   2|0x0000000084600000, 0x0000000084700000, 0x0000000084700000|100%| O|  |TAMS 0x0000000084700000, 0x0000000084600000| Untracked 
|   3|0x0000000084700000, 0x0000000084800000, 0x0000000084800000|100%| O|  |TAMS 0x0000000084800000, 0x0000000084700000| Untracked 
|   4|0x0000000084800000, 0x0000000084900000, 0x0000000084900000|100%| O|  |TAMS 0x0000000084900000, 0x0000000084800000| Untracked 
|   5|0x0000000084900000, 0x0000000084a00000, 0x0000000084a00000|100%| O|  |TAMS 0x0000000084a00000, 0x0000000084900000| Untracked 
|   6|0x0000000084a00000, 0x0000000084a51c00, 0x0000000084b00000| 31%| O|  |TAMS 0x0000000084a51c00, 0x0000000084a00000| Untracked 
|   7|0x0000000084b00000, 0x0000000084b00000, 0x0000000084c00000|  0%| F|  |TAMS 0x0000000084b00000, 0x0000000084b00000| Untracked 
|   8|0x0000000084c00000, 0x0000000084c00000, 0x0000000084d00000|  0%| F|  |TAMS 0x0000000084c00000, 0x0000000084c00000| Untracked 
|   9|0x0000000084d00000, 0x0000000084d00000, 0x0000000084e00000|  0%| F|  |TAMS 0x0000000084d00000, 0x0000000084d00000| Untracked 
|  10|0x0000000084e00000, 0x0000000084e00000, 0x0000000084f00000|  0%| F|  |TAMS 0x0000000084e00000, 0x0000000084e00000| Untracked 
|  11|0x0000000084f00000, 0x0000000084f00000, 0x0000000085000000|  0%| F|  |TAMS 0x0000000084f00000, 0x0000000084f00000| Untracked 
|  12|0x0000000085000000, 0x0000000085000000, 0x0000000085100000|  0%| F|  |TAMS 0x0000000085000000, 0x0000000085000000| Untracked 
|  13|0x0000000085100000, 0x0000000085100000, 0x0000000085200000|  0%| F|  |TAMS 0x0000000085100000, 0x0000000085100000| Untracked 
|  14|0x0000000085200000, 0x0000000085200000, 0x0000000085300000|  0%| F|  |TAMS 0x0000000085200000, 0x0000000085200000| Untracked 
|  15|0x0000000085300000, 0x0000000085300000, 0x0000000085400000|  0%| F|  |TAMS 0x0000000085300000, 0x0000000085300000| Untracked 
|  16|0x0000000085400000, 0x0000000085400000, 0x0000000085500000|  0%| F|  |TAMS 0x0000000085400000, 0x0000000085400000| Untracked 
|  17|0x0000000085500000, 0x0000000085500000, 0x0000000085600000|  0%| F|  |TAMS 0x0000000085500000, 0x0000000085500000| Untracked 
|  18|0x0000000085600000, 0x0000000085600000, 0x0000000085700000|  0%| F|  |TAMS 0x0000000085600000, 0x0000000085600000| Untracked 
|  19|0x0000000085700000, 0x0000000085700000, 0x0000000085800000|  0%| F|  |TAMS 0x0000000085700000, 0x0000000085700000| Untracked 
|  20|0x0000000085800000, 0x0000000085800000, 0x0000000085900000|  0%| F|  |TAMS 0x0000000085800000, 0x0000000085800000| Untracked 
|  21|0x0000000085900000, 0x0000000085900000, 0x0000000085a00000|  0%| F|  |TAMS 0x0000000085900000, 0x0000000085900000| Untracked 
|  22|0x0000000085a00000, 0x0000000085a00000, 0x0000000085b00000|  0%| F|  |TAMS 0x0000000085a00000, 0x0000000085a00000| Untracked 
|  23|0x0000000085b00000, 0x0000000085b00000, 0x0000000085c00000|  0%| F|  |TAMS 0x0000000085b00000, 0x0000000085b00000| Untracked 
|  24|0x0000000085c00000, 0x0000000085c00000, 0x0000000085d00000|  0%| F|  |TAMS 0x0000000085c00000, 0x0000000085c00000| Untracked 
|  25|0x0000000085d00000, 0x0000000085d00000, 0x0000000085e00000|  0%| F|  |TAMS 0x0000000085d00000, 0x0000000085d00000| Untracked 
|  26|0x0000000085e00000, 0x0000000085e00000, 0x0000000085f00000|  0%| F|  |TAMS 0x0000000085e00000, 0x0000000085e00000| Untracked 
|  27|0x0000000085f00000, 0x0000000085f00000, 0x0000000086000000|  0%| F|  |TAMS 0x0000000085f00000, 0x0000000085f00000| Untracked 
|  28|0x0000000086000000, 0x0000000086000000, 0x0000000086100000|  0%| F|  |TAMS 0x0000000086000000, 0x0000000086000000| Untracked 
|  29|0x0000000086100000, 0x0000000086100000, 0x0000000086200000|  0%| F|  |TAMS 0x0000000086100000, 0x0000000086100000| Untracked 
|  30|0x0000000086200000, 0x0000000086200000, 0x0000000086300000|  0%| F|  |TAMS 0x0000000086200000, 0x0000000086200000| Untracked 
|  31|0x0000000086300000, 0x0000000086300000, 0x0000000086400000|  0%| F|  |TAMS 0x0000000086300000, 0x0000000086300000| Untracked 
|  32|0x0000000086400000, 0x0000000086400000, 0x0000000086500000|  0%| F|  |TAMS 0x0000000086400000, 0x0000000086400000| Untracked 
|  33|0x0000000086500000, 0x0000000086500000, 0x0000000086600000|  0%| F|  |TAMS 0x0000000086500000, 0x0000000086500000| Untracked 
|  34|0x0000000086600000, 0x0000000086600000, 0x0000000086700000|  0%| F|  |TAMS 0x0000000086600000, 0x0000000086600000| Untracked 
|  35|0x0000000086700000, 0x0000000086700000, 0x0000000086800000|  0%| F|  |TAMS 0x0000000086700000, 0x0000000086700000| Untracked 
|  36|0x0000000086800000, 0x0000000086800000, 0x0000000086900000|  0%| F|  |TAMS 0x0000000086800000, 0x0000000086800000| Untracked 
|  37|0x0000000086900000, 0x0000000086900000, 0x0000000086a00000|  0%| F|  |TAMS 0x0000000086900000, 0x0000000086900000| Untracked 
|  38|0x0000000086a00000, 0x0000000086a00000, 0x0000000086b00000|  0%| F|  |TAMS 0x0000000086a00000, 0x0000000086a00000| Untracked 
|  39|0x0000000086b00000, 0x0000000086b00000, 0x0000000086c00000|  0%| F|  |TAMS 0x0000000086b00000, 0x0000000086b00000| Untracked 
|  40|0x0000000086c00000, 0x0000000086c00000, 0x0000000086d00000|  0%| F|  |TAMS 0x0000000086c00000, 0x0000000086c00000| Untracked 
|  41|0x0000000086d00000, 0x0000000086d00000, 0x0000000086e00000|  0%| F|  |TAMS 0x0000000086d00000, 0x0000000086d00000| Untracked 
|  42|0x0000000086e00000, 0x0000000086e00000, 0x0000000086f00000|  0%| F|  |TAMS 0x0000000086e00000, 0x0000000086e00000| Untracked 
|  43|0x0000000086f00000, 0x0000000086f00000, 0x0000000087000000|  0%| F|  |TAMS 0x0000000086f00000, 0x0000000086f00000| Untracked 
|  44|0x0000000087000000, 0x0000000087000000, 0x0000000087100000|  0%| F|  |TAMS 0x0000000087000000, 0x0000000087000000| Untracked 
|  45|0x0000000087100000, 0x0000000087100000, 0x0000000087200000|  0%| F|  |TAMS 0x0000000087100000, 0x0000000087100000| Untracked 
|  46|0x0000000087200000, 0x0000000087200000, 0x0000000087300000|  0%| F|  |TAMS 0x0000000087200000, 0x0000000087200000| Untracked 
|  47|0x0000000087300000, 0x0000000087300000, 0x0000000087400000|  0%| F|  |TAMS 0x0000000087300000, 0x0000000087300000| Untracked 
|  48|0x0000000087400000, 0x0000000087400000, 0x0000000087500000|  0%| F|  |TAMS 0x0000000087400000, 0x0000000087400000| Untracked 
|  49|0x0000000087500000, 0x0000000087500000, 0x0000000087600000|  0%| F|  |TAMS 0x0000000087500000, 0x0000000087500000| Untracked 
|  50|0x0000000087600000, 0x0000000087600000, 0x0000000087700000|  0%| F|  |TAMS 0x0000000087600000, 0x0000000087600000| Untracked 
|  51|0x0000000087700000, 0x0000000087700000, 0x0000000087800000|  0%| F|  |TAMS 0x0000000087700000, 0x0000000087700000| Untracked 
|  52|0x0000000087800000, 0x0000000087800000, 0x0000000087900000|  0%| F|  |TAMS 0x0000000087800000, 0x0000000087800000| Untracked 
|  53|0x0000000087900000, 0x0000000087900000, 0x0000000087a00000|  0%| F|  |TAMS 0x0000000087900000, 0x0000000087900000| Untracked 
|  54|0x0000000087a00000, 0x0000000087a00000, 0x0000000087b00000|  0%| F|  |TAMS 0x0000000087a00000, 0x0000000087a00000| Untracked 
|  55|0x0000000087b00000, 0x0000000087b00000, 0x0000000087c00000|  0%| F|  |TAMS 0x0000000087b00000, 0x0000000087b00000| Untracked 
|  56|0x0000000087c00000, 0x0000000087c00000, 0x0000000087d00000|  0%| F|  |TAMS 0x0000000087c00000, 0x0000000087c00000| Untracked 
|  57|0x0000000087d00000, 0x0000000087d00000, 0x0000000087e00000|  0%| F|  |TAMS 0x0000000087d00000, 0x0000000087d00000| Untracked 
|  58|0x0000000087e00000, 0x0000000087e00000, 0x0000000087f00000|  0%| F|  |TAMS 0x0000000087e00000, 0x0000000087e00000| Untracked 
|  59|0x0000000087f00000, 0x0000000087f00000, 0x0000000088000000|  0%| F|  |TAMS 0x0000000087f00000, 0x0000000087f00000| Untracked 
|  60|0x0000000088000000, 0x0000000088000000, 0x0000000088100000|  0%| F|  |TAMS 0x0000000088000000, 0x0000000088000000| Untracked 
|  61|0x0000000088100000, 0x0000000088100000, 0x0000000088200000|  0%| F|  |TAMS 0x0000000088100000, 0x0000000088100000| Untracked 
|  62|0x0000000088200000, 0x0000000088200000, 0x0000000088300000|  0%| F|  |TAMS 0x0000000088200000, 0x0000000088200000| Untracked 
|  63|0x0000000088300000, 0x0000000088300000, 0x0000000088400000|  0%| F|  |TAMS 0x0000000088300000, 0x0000000088300000| Untracked 
|  64|0x0000000088400000, 0x0000000088400000, 0x0000000088500000|  0%| F|  |TAMS 0x0000000088400000, 0x0000000088400000| Untracked 
|  65|0x0000000088500000, 0x0000000088500000, 0x0000000088600000|  0%| F|  |TAMS 0x0000000088500000, 0x0000000088500000| Untracked 
|  66|0x0000000088600000, 0x0000000088600000, 0x0000000088700000|  0%| F|  |TAMS 0x0000000088600000, 0x0000000088600000| Untracked 
|  67|0x0000000088700000, 0x0000000088700000, 0x0000000088800000|  0%| F|  |TAMS 0x0000000088700000, 0x0000000088700000| Untracked 
|  68|0x0000000088800000, 0x0000000088800000, 0x0000000088900000|  0%| F|  |TAMS 0x0000000088800000, 0x0000000088800000| Untracked 
|  69|0x0000000088900000, 0x0000000088900000, 0x0000000088a00000|  0%| F|  |TAMS 0x0000000088900000, 0x0000000088900000| Untracked 
|  70|0x0000000088a00000, 0x0000000088a00000, 0x0000000088b00000|  0%| F|  |TAMS 0x0000000088a00000, 0x0000000088a00000| Untracked 
|  71|0x0000000088b00000, 0x0000000088b00000, 0x0000000088c00000|  0%| F|  |TAMS 0x0000000088b00000, 0x0000000088b00000| Untracked 
|  72|0x0000000088c00000, 0x0000000088c00000, 0x0000000088d00000|  0%| F|  |TAMS 0x0000000088c00000, 0x0000000088c00000| Untracked 
|  73|0x0000000088d00000, 0x0000000088d00000, 0x0000000088e00000|  0%| F|  |TAMS 0x0000000088d00000, 0x0000000088d00000| Untracked 
|  74|0x0000000088e00000, 0x0000000088e00000, 0x0000000088f00000|  0%| F|  |TAMS 0x0000000088e00000, 0x0000000088e00000| Untracked 
|  75|0x0000000088f00000, 0x0000000088f00000, 0x0000000089000000|  0%| F|  |TAMS 0x0000000088f00000, 0x0000000088f00000| Untracked 
|  76|0x0000000089000000, 0x0000000089000000, 0x0000000089100000|  0%| F|  |TAMS 0x0000000089000000, 0x0000000089000000| Untracked 
|  77|0x0000000089100000, 0x0000000089100000, 0x0000000089200000|  0%| F|  |TAMS 0x0000000089100000, 0x0000000089100000| Untracked 
|  78|0x0000000089200000, 0x0000000089200000, 0x0000000089300000|  0%| F|  |TAMS 0x0000000089200000, 0x0000000089200000| Untracked 
|  79|0x0000000089300000, 0x0000000089300000, 0x0000000089400000|  0%| F|  |TAMS 0x0000000089300000, 0x0000000089300000| Untracked 
|  80|0x0000000089400000, 0x0000000089480800, 0x0000000089500000| 50%| E|  |TAMS 0x0000000089400000, 0x0000000089400000| Complete 
|  81|0x0000000089500000, 0x0000000089600000, 0x0000000089600000|100%| E|CS|TAMS 0x0000000089500000, 0x0000000089500000| Complete 
|  82|0x0000000089600000, 0x0000000089700000, 0x0000000089700000|100%| E|CS|TAMS 0x0000000089600000, 0x0000000089600000| Complete 
|  83|0x0000000089700000, 0x0000000089800000, 0x0000000089800000|100%| E|CS|TAMS 0x0000000089700000, 0x0000000089700000| Complete 
|  84|0x0000000089800000, 0x0000000089900000, 0x0000000089900000|100%| E|CS|TAMS 0x0000000089800000, 0x0000000089800000| Complete 
|  85|0x0000000089900000, 0x0000000089a00000, 0x0000000089a00000|100%| E|CS|TAMS 0x0000000089900000, 0x0000000089900000| Complete 
|  86|0x0000000089a00000, 0x0000000089b00000, 0x0000000089b00000|100%| E|CS|TAMS 0x0000000089a00000, 0x0000000089a00000| Complete 
|  87|0x0000000089b00000, 0x0000000089c00000, 0x0000000089c00000|100%| E|CS|TAMS 0x0000000089b00000, 0x0000000089b00000| Complete 
|  88|0x0000000089c00000, 0x0000000089d00000, 0x0000000089d00000|100%| E|CS|TAMS 0x0000000089c00000, 0x0000000089c00000| Complete 
|  89|0x0000000089d00000, 0x0000000089e00000, 0x0000000089e00000|100%| E|CS|TAMS 0x0000000089d00000, 0x0000000089d00000| Complete 
|  90|0x0000000089e00000, 0x0000000089f00000, 0x0000000089f00000|100%| E|CS|TAMS 0x0000000089e00000, 0x0000000089e00000| Complete 
|  91|0x0000000089f00000, 0x000000008a000000, 0x000000008a000000|100%| E|CS|TAMS 0x0000000089f00000, 0x0000000089f00000| Complete 
|  92|0x000000008a000000, 0x000000008a03d630, 0x000000008a100000| 23%| S|CS|TAMS 0x000000008a000000, 0x000000008a000000| Complete 
|  93|0x000000008a100000, 0x000000008a200000, 0x000000008a200000|100%| S|CS|TAMS 0x000000008a100000, 0x000000008a100000| Complete 
|  94|0x000000008a200000, 0x000000008a300000, 0x000000008a300000|100%| S|CS|TAMS 0x000000008a200000, 0x000000008a200000| Complete 
|  95|0x000000008a300000, 0x000000008a400000, 0x000000008a400000|100%| E|CS|TAMS 0x000000008a300000, 0x000000008a300000| Complete 
|  96|0x000000008a400000, 0x000000008a500000, 0x000000008a500000|100%| E|CS|TAMS 0x000000008a400000, 0x000000008a400000| Complete 
|  97|0x000000008a500000, 0x000000008a600000, 0x000000008a600000|100%| E|CS|TAMS 0x000000008a500000, 0x000000008a500000| Complete 
|  98|0x000000008a600000, 0x000000008a700000, 0x000000008a700000|100%| E|CS|TAMS 0x000000008a600000, 0x000000008a600000| Complete 
|  99|0x000000008a700000, 0x000000008a800000, 0x000000008a800000|100%| E|CS|TAMS 0x000000008a700000, 0x000000008a700000| Complete 
| 100|0x000000008a800000, 0x000000008a900000, 0x000000008a900000|100%| E|CS|TAMS 0x000000008a800000, 0x000000008a800000| Complete 
| 101|0x000000008a900000, 0x000000008aa00000, 0x000000008aa00000|100%| E|CS|TAMS 0x000000008a900000, 0x000000008a900000| Complete 
| 102|0x000000008aa00000, 0x000000008ab00000, 0x000000008ab00000|100%| E|CS|TAMS 0x000000008aa00000, 0x000000008aa00000| Complete 
| 103|0x000000008ab00000, 0x000000008ac00000, 0x000000008ac00000|100%| E|CS|TAMS 0x000000008ab00000, 0x000000008ab00000| Complete 
| 104|0x000000008ac00000, 0x000000008ad00000, 0x000000008ad00000|100%| E|CS|TAMS 0x000000008ac00000, 0x000000008ac00000| Complete 
| 105|0x000000008ad00000, 0x000000008ae00000, 0x000000008ae00000|100%| E|CS|TAMS 0x000000008ad00000, 0x000000008ad00000| Complete 
| 106|0x000000008ae00000, 0x000000008af00000, 0x000000008af00000|100%| E|CS|TAMS 0x000000008ae00000, 0x000000008ae00000| Complete 
| 107|0x000000008af00000, 0x000000008b000000, 0x000000008b000000|100%| E|CS|TAMS 0x000000008af00000, 0x000000008af00000| Complete 
| 108|0x000000008b000000, 0x000000008b100000, 0x000000008b100000|100%| E|CS|TAMS 0x000000008b000000, 0x000000008b000000| Complete 
| 109|0x000000008b100000, 0x000000008b200000, 0x000000008b200000|100%| E|CS|TAMS 0x000000008b100000, 0x000000008b100000| Complete 
| 110|0x000000008b200000, 0x000000008b300000, 0x000000008b300000|100%| E|CS|TAMS 0x000000008b200000, 0x000000008b200000| Complete 
| 111|0x000000008b300000, 0x000000008b400000, 0x000000008b400000|100%| E|CS|TAMS 0x000000008b300000, 0x000000008b300000| Complete 
| 112|0x000000008b400000, 0x000000008b500000, 0x000000008b500000|100%| E|CS|TAMS 0x000000008b400000, 0x000000008b400000| Complete 
| 113|0x000000008b500000, 0x000000008b600000, 0x000000008b600000|100%| E|CS|TAMS 0x000000008b500000, 0x000000008b500000| Complete 
| 114|0x000000008b600000, 0x000000008b700000, 0x000000008b700000|100%| E|CS|TAMS 0x000000008b600000, 0x000000008b600000| Complete 
| 115|0x000000008b700000, 0x000000008b800000, 0x000000008b800000|100%| E|CS|TAMS 0x000000008b700000, 0x000000008b700000| Complete 
| 116|0x000000008b800000, 0x000000008b900000, 0x000000008b900000|100%| E|CS|TAMS 0x000000008b800000, 0x000000008b800000| Complete 
| 117|0x000000008b900000, 0x000000008ba00000, 0x000000008ba00000|100%| E|CS|TAMS 0x000000008b900000, 0x000000008b900000| Complete 
| 118|0x000000008ba00000, 0x000000008bb00000, 0x000000008bb00000|100%| E|CS|TAMS 0x000000008ba00000, 0x000000008ba00000| Complete 
| 119|0x000000008bb00000, 0x000000008bc00000, 0x000000008bc00000|100%| E|CS|TAMS 0x000000008bb00000, 0x000000008bb00000| Complete 
| 120|0x000000008bc00000, 0x000000008bd00000, 0x000000008bd00000|100%| E|CS|TAMS 0x000000008bc00000, 0x000000008bc00000| Complete 
| 121|0x000000008bd00000, 0x000000008be00000, 0x000000008be00000|100%| E|CS|TAMS 0x000000008bd00000, 0x000000008bd00000| Complete 
| 122|0x000000008be00000, 0x000000008bf00000, 0x000000008bf00000|100%| E|CS|TAMS 0x000000008be00000, 0x000000008be00000| Complete 
| 123|0x000000008bf00000, 0x000000008c000000, 0x000000008c000000|100%| E|CS|TAMS 0x000000008bf00000, 0x000000008bf00000| Complete 

Card table byte_map: [0x00000234c07b0000,0x00000234c0b90000] _byte_map_base: 0x00000234c038e000

Marking Bits (Prev, Next): (CMBitMap*) 0x00000234a6e03e90, (CMBitMap*) 0x00000234a6e03e58
 Prev Bits: [0x00000234c2e60000, 0x00000234c4d50000)
 Next Bits: [0x00000234c0f70000, 0x00000234c2e60000)

Polling page: 0x00000234a6ba0000

Metaspace:

Usage:
  Non-class:     23.24 MB capacity,    22.81 MB ( 98%) used,   363.53 KB (  2%) free+waste,    74.75 KB ( <1%) overhead. 
      Class:      3.06 MB capacity,     2.81 MB ( 92%) used,   215.87 KB (  7%) free+waste,    35.44 KB (  1%) overhead. 
       Both:     26.30 MB capacity,    25.62 MB ( 97%) used,   579.40 KB (  2%) free+waste,   110.19 KB ( <1%) overhead. 

Virtual space:
  Non-class space:       24.00 MB reserved,      23.42 MB ( 98%) committed 
      Class space:        1.00 GB reserved,       3.13 MB ( <1%) committed 
             Both:        1.02 GB reserved,      26.55 MB (  3%) committed 

Chunk freelists:
   Non-Class:  0 bytes
       Class:  4.00 KB
        Both:  4.00 KB

MaxMetaspaceSize: 17179869184.00 GB
CompressedClassSpaceSize: 1.00 GB
Initial GC threshold: 20.80 MB
Current GC threshold: 35.08 MB
CDS: off

CodeHeap 'non-profiled nmethods': size=120064Kb used=924Kb max_used=924Kb free=119139Kb
 bounds [0x00000234b8870000, 0x00000234b8ae0000, 0x00000234bfdb0000]
CodeHeap 'profiled nmethods': size=120000Kb used=4237Kb max_used=4237Kb free=115762Kb
 bounds [0x00000234b1340000, 0x00000234b1770000, 0x00000234b8870000]
CodeHeap 'non-nmethods': size=5696Kb used=1192Kb max_used=1214Kb free=4503Kb
 bounds [0x00000234b0db0000, 0x00000234b1020000, 0x00000234b1340000]
 total_blobs=2604 nmethods=2160 adapters=356
 compilation: enabled
              stopped_count=0, restarted_count=0
 full_count=0

Compilation events (20 events):
Event: 5.002 Thread 0x00000234c73dd000 nmethod 2154 0x00000234b1757890 code [0x00000234b1757a60, 0x00000234b1757d78]
Event: 5.007 Thread 0x00000234c73dd000 2155       3       java.lang.reflect.Constructor::setAccessible (21 bytes)
Event: 5.008 Thread 0x00000234c73dd000 nmethod 2155 0x00000234b1757e90 code [0x00000234b17580c0, 0x00000234b17586f8]
Event: 5.008 Thread 0x00000234c73dd000 2156       3       java.lang.reflect.Constructor::checkCanSetAccessible (29 bytes)
Event: 5.008 Thread 0x00000234c73dd000 nmethod 2156 0x00000234b1758910 code [0x00000234b1758ae0, 0x00000234b1758d98]
Event: 5.012 Thread 0x00000234c73dd000 2157       3       org.springframework.core.annotation.MergedAnnotationsCollection$AnnotationsSpliterator::getNextSuitableMapping (45 bytes)
Event: 5.012 Thread 0x00000234c73dd000 nmethod 2157 0x00000234b1758f10 code [0x00000234b1759140, 0x00000234b17598e8]
Event: 5.015 Thread 0x00000234c73dd000 2158       3       sun.nio.fs.WindowsPath::elementAsString (62 bytes)
Event: 5.016 Thread 0x00000234c73dd000 nmethod 2158 0x00000234b1759c90 code [0x00000234b1759e80, 0x00000234b175a188]
Event: 5.016 Thread 0x00000234c73dd000 2159       1       org.springframework.core.annotation.MissingMergedAnnotation::isPresent (2 bytes)
Event: 5.016 Thread 0x00000234c73dd000 nmethod 2159 0x00000234b8956f90 code [0x00000234b8957140, 0x00000234b89571f8]
Event: 5.016 Thread 0x00000234c73dd000 2160       3       jdk.internal.loader.URLClassPath::findResource (38 bytes)
Event: 5.016 Thread 0x00000234c73dd000 nmethod 2160 0x00000234b175a410 code [0x00000234b175a5e0, 0x00000234b175a8f8]
Event: 5.022 Thread 0x00000234c73dd000 2161   !   3       sun.net.www.ParseUtil::decode (317 bytes)
Event: 5.025 Thread 0x00000234c73dd000 nmethod 2161 0x00000234b175aa10 code [0x00000234b175b0a0, 0x00000234b175eb98]
Event: 5.025 Thread 0x00000234c73dd000 2163   !   3       org.springframework.util.ConcurrentReferenceHashMap$Segment::doTask (179 bytes)
Event: 5.027 Thread 0x00000234c73dd000 nmethod 2163 0x00000234b1760590 code [0x00000234b1760960, 0x00000234b1762538]
Event: 5.027 Thread 0x00000234c73dd000 2162       3       java.util.HashSet::isEmpty (8 bytes)
Event: 5.027 Thread 0x00000234c73dd000 nmethod 2162 0x00000234b1763110 code [0x00000234b17632c0, 0x00000234b17634f8]
Event: 5.037 Thread 0x00000234c73dd000 2164       3       org.springframework.util.StringUtils::cleanPath (346 bytes)

GC Heap History (8 events):
Event: 1.630 GC heap before
{Heap before GC invocations=0 (full 0):
 garbage-first heap   total 126976K, used 14336K [0x0000000084400000, 0x0000000100000000)
  region size 1024K, 14 young (14336K), 0 survivors (0K)
 Metaspace       used 9923K, capacity 10119K, committed 10240K, reserved 1058816K
  class space    used 877K, capacity 942K, committed 1024K, reserved 1048576K
}
Event: 1.637 GC heap after
{Heap after GC invocations=1 (full 0):
 garbage-first heap   total 126976K, used 6320K [0x0000000084400000, 0x0000000100000000)
  region size 1024K, 2 young (2048K), 2 survivors (2048K)
 Metaspace       used 9923K, capacity 10119K, committed 10240K, reserved 1058816K
  class space    used 877K, capacity 942K, committed 1024K, reserved 1048576K
}
Event: 1.761 GC heap before
{Heap before GC invocations=1 (full 0):
 garbage-first heap   total 126976K, used 10416K [0x0000000084400000, 0x0000000100000000)
  region size 1024K, 6 young (6144K), 2 survivors (2048K)
 Metaspace       used 10839K, capacity 11031K, committed 11136K, reserved 1058816K
  class space    used 992K, capacity 1056K, committed 1152K, reserved 1048576K
}
Event: 1.764 GC heap after
{Heap after GC invocations=2 (full 0):
 garbage-first heap   total 126976K, used 6693K [0x0000000084400000, 0x0000000100000000)
  region size 1024K, 1 young (1024K), 1 survivors (1024K)
 Metaspace       used 10839K, capacity 11031K, committed 11136K, reserved 1058816K
  class space    used 992K, capacity 1056K, committed 1152K, reserved 1048576K
}
Event: 2.346 GC heap before
{Heap before GC invocations=2 (full 0):
 garbage-first heap   total 126976K, used 29221K [0x0000000084400000, 0x0000000100000000)
  region size 1024K, 23 young (23552K), 1 survivors (1024K)
 Metaspace       used 15865K, capacity 16247K, committed 16384K, reserved 1064960K
  class space    used 1580K, capacity 1717K, committed 1792K, reserved 1048576K
}
Event: 2.349 GC heap after
{Heap after GC invocations=3 (full 0):
 garbage-first heap   total 126976K, used 7734K [0x0000000084400000, 0x0000000100000000)
  region size 1024K, 2 young (2048K), 2 survivors (2048K)
 Metaspace       used 15865K, capacity 16247K, committed 16384K, reserved 1064960K
  class space    used 1580K, capacity 1717K, committed 1792K, reserved 1048576K
}
Event: 2.775 GC heap before
{Heap before GC invocations=3 (full 0):
 garbage-first heap   total 126976K, used 33334K [0x0000000084400000, 0x0000000100000000)
  region size 1024K, 29 young (29696K), 2 survivors (2048K)
 Metaspace       used 20627K, capacity 21156K, committed 21296K, reserved 1069056K
  class space    used 2184K, capacity 2381K, committed 2432K, reserved 1048576K
}
Event: 2.779 GC heap after
{Heap after GC invocations=4 (full 0):
 garbage-first heap   total 126976K, used 8764K [0x0000000084400000, 0x0000000100000000)
  region size 1024K, 3 young (3072K), 3 survivors (3072K)
 Metaspace       used 20627K, capacity 21156K, committed 21296K, reserved 1069056K
  class space    used 2184K, capacity 2381K, committed 2432K, reserved 1048576K
}

Deoptimization events (20 events):
Event: 4.877 Thread 0x00000234c863a000 DEOPT PACKING pc=0x00000234b1513b11 sp=0x000000dd8e4fd950
Event: 4.877 Thread 0x00000234c863a000 DEOPT UNPACKING pc=0x00000234b0df9d0e sp=0x000000dd8e4fce28 mode 0
Event: 4.877 Thread 0x00000234c863a000 DEOPT PACKING pc=0x00000234b1486c16 sp=0x000000dd8e4fd920
Event: 4.877 Thread 0x00000234c863a000 DEOPT UNPACKING pc=0x00000234b0df9d0e sp=0x000000dd8e4fce38 mode 0
Event: 4.877 Thread 0x00000234c863a000 DEOPT PACKING pc=0x00000234b1513b11 sp=0x000000dd8e4fd950
Event: 4.877 Thread 0x00000234c863a000 DEOPT UNPACKING pc=0x00000234b0df9d0e sp=0x000000dd8e4fce28 mode 0
Event: 4.878 Thread 0x00000234c863a000 DEOPT PACKING pc=0x00000234b1486c16 sp=0x000000dd8e4fd920
Event: 4.878 Thread 0x00000234c863a000 DEOPT UNPACKING pc=0x00000234b0df9d0e sp=0x000000dd8e4fce38 mode 0
Event: 4.890 Thread 0x00000234c863a000 Uncommon trap: trap_request=0xffffffde fr.pc=0x00000234b8939cc8 relative=0x00000000000025a8
Event: 4.890 Thread 0x00000234c863a000 Uncommon trap: reason=class_check action=maybe_recompile pc=0x00000234b8939cc8 method=java.util.HashMap.putVal(ILjava/lang/Object;Ljava/lang/Object;ZZ)Ljava/lang/Object; @ 203 c2
Event: 4.890 Thread 0x00000234c863a000 DEOPT PACKING pc=0x00000234b8939cc8 sp=0x000000dd8e4fdb20
Event: 4.890 Thread 0x00000234c863a000 DEOPT UNPACKING pc=0x00000234b0db85af sp=0x000000dd8e4fd9f8 mode 2
Event: 4.890 Thread 0x00000234c863a000 Uncommon trap: trap_request=0xffffffde fr.pc=0x00000234b8939cc8 relative=0x00000000000025a8
Event: 4.890 Thread 0x00000234c863a000 Uncommon trap: reason=class_check action=maybe_recompile pc=0x00000234b8939cc8 method=java.util.HashMap.putVal(ILjava/lang/Object;Ljava/lang/Object;ZZ)Ljava/lang/Object; @ 203 c2
Event: 4.890 Thread 0x00000234c863a000 DEOPT PACKING pc=0x00000234b8939cc8 sp=0x000000dd8e4fdb20
Event: 4.890 Thread 0x00000234c863a000 DEOPT UNPACKING pc=0x00000234b0db85af sp=0x000000dd8e4fd9f8 mode 2
Event: 4.892 Thread 0x00000234c863a000 Uncommon trap: trap_request=0xffffffde fr.pc=0x00000234b893ba3c relative=0x000000000000111c
Event: 4.892 Thread 0x00000234c863a000 Uncommon trap: reason=class_check action=maybe_recompile pc=0x00000234b893ba3c method=java.util.HashMap.putVal(ILjava/lang/Object;Ljava/lang/Object;ZZ)Ljava/lang/Object; @ 203 c2
Event: 4.892 Thread 0x00000234c863a000 DEOPT PACKING pc=0x00000234b893ba3c sp=0x000000dd8e4fda20
Event: 4.892 Thread 0x00000234c863a000 DEOPT UNPACKING pc=0x00000234b0db85af sp=0x000000dd8e4fd9c0 mode 2

Classes redefined (0 events):
No events

Internal exceptions (20 events):
Event: 3.560 Thread 0x00000234c863a000 Exception <a 'java/lang/ClassNotFoundException'{0x000000008aedb4b0}: org/springframework/beans/factory/config/BeanFactoryPostProcessorCustomizer> (0x000000008aedb4b0) thrown at [s\src\hotspot\share\classfile\systemDictionary.cpp, line 233]
Event: 3.561 Thread 0x00000234c863a000 Exception <a 'java/lang/ClassNotFoundException'{0x000000008aeeb698}: org/springframework/core/PriorityOrderedCustomizer> (0x000000008aeeb698) thrown at [s\src\hotspot\share\classfile\systemDictionary.cpp, line 233]
Event: 3.562 Thread 0x00000234c863a000 Exception <a 'java/lang/ClassNotFoundException'{0x000000008aef94a8}: org/springframework/core/OrderedCustomizer> (0x000000008aef94a8) thrown at [s\src\hotspot\share\classfile\systemDictionary.cpp, line 233]
Event: 3.564 Thread 0x00000234c863a000 Exception <a 'java/lang/ClassNotFoundException'{0x000000008ad0a398}: org/springframework/context/ResourceLoaderAwareCustomizer> (0x000000008ad0a398) thrown at [s\src\hotspot\share\classfile\systemDictionary.cpp, line 233]
Event: 3.565 Thread 0x00000234c863a000 Exception <a 'java/lang/ClassNotFoundException'{0x000000008ad19f98}: org/springframework/beans/factory/AwareCustomizer> (0x000000008ad19f98) thrown at [s\src\hotspot\share\classfile\systemDictionary.cpp, line 233]
Event: 3.566 Thread 0x00000234c863a000 Exception <a 'java/lang/ClassNotFoundException'{0x000000008ad2a498}: org/springframework/context/ApplicationStartupAwareCustomizer> (0x000000008ad2a498) thrown at [s\src\hotspot\share\classfile\systemDictionary.cpp, line 233]
Event: 3.754 Thread 0x00000234c863a000 Exception <a 'java/lang/ClassNotFoundException'{0x000000008ad3a310}: org/springframework/beans/factory/AwareCustomizer> (0x000000008ad3a310) thrown at [s\src\hotspot\share\classfile\systemDictionary.cpp, line 233]
Event: 3.757 Thread 0x00000234c863a000 Exception <a 'java/lang/ClassNotFoundException'{0x000000008ad4acf8}: org/springframework/beans/factory/BeanClassLoaderAwareCustomizer> (0x000000008ad4acf8) thrown at [s\src\hotspot\share\classfile\systemDictionary.cpp, line 233]
Event: 3.758 Thread 0x00000234c863a000 Exception <a 'java/lang/ClassNotFoundException'{0x000000008ad5a910}: org/springframework/beans/factory/AwareCustomizer> (0x000000008ad5a910) thrown at [s\src\hotspot\share\classfile\systemDictionary.cpp, line 233]
Event: 3.759 Thread 0x00000234c863a000 Exception <a 'java/lang/ClassNotFoundException'{0x000000008ad6a078}: org/springframework/context/EnvironmentAwareCustomizer> (0x000000008ad6a078) thrown at [s\src\hotspot\share\classfile\systemDictionary.cpp, line 233]
Event: 3.760 Thread 0x00000234c863a000 Exception <a 'java/lang/ClassNotFoundException'{0x000000008ad79c08}: org/springframework/beans/factory/AwareCustomizer> (0x000000008ad79c08) thrown at [s\src\hotspot\share\classfile\systemDictionary.cpp, line 233]
Event: 3.774 Thread 0x00000234c8fea000 Exception <a 'java/lang/NoSuchMethodError'{0x000000008aa06270}: 'long java.lang.invoke.DirectMethodHandle$Holder.invokeSpecial(java.lang.Object, java.lang.Object)'> (0x000000008aa06270) thrown at [s\src\hotspot\share\interpreter\linkResolver.cpp, line 773]
Event: 3.777 Thread 0x00000234c8fea000 Exception <a 'java/lang/NoSuchMethodError'{0x000000008aa10628}: 'long java.lang.invoke.DirectMethodHandle$Holder.invokeStatic(java.lang.Object, java.lang.Object)'> (0x000000008aa10628) thrown at [s\src\hotspot\share\interpreter\linkResolver.cpp, line 773]
Event: 3.778 Thread 0x00000234c8fea000 Exception <a 'java/lang/NoSuchMethodError'{0x000000008aa13450}: 'long java.lang.invoke.DirectMethodHandle$Holder.invokeStaticInit(java.lang.Object, java.lang.Object)'> (0x000000008aa13450) thrown at [s\src\hotspot\share\interpreter\linkResolver.cpp, line 773]
Event: 3.782 Thread 0x00000234c8fea000 Exception <a 'java/lang/NoSuchMethodError'{0x000000008aa1f910}: 'long java.lang.invoke.DirectMethodHandle$Holder.invokeInterface(java.lang.Object, java.lang.Object)'> (0x000000008aa1f910) thrown at [s\src\hotspot\share\interpreter\linkResolver.cpp, line 773]
Event: 3.782 Thread 0x00000234c8fea000 Exception <a 'java/lang/IncompatibleClassChangeError'{0x000000008aa226a8}: Found class java.lang.Object, but interface was expected> (0x000000008aa226a8) thrown at [s\src\hotspot\share\interpreter\linkResolver.cpp, line 839]
Event: 3.796 Thread 0x00000234c8fea000 Exception <a 'java/lang/NoSuchMethodError'{0x000000008a9e4fd0}: 'java.lang.Object java.lang.invoke.DirectMethodHandle$Holder.invokeVirtual(java.lang.Object, java.lang.Object, java.lang.Object, java.lang.Object)'> (0x000000008a9e4fd0) thrown at [s\src\hotspot\share\interpreter\linkResolver.cpp, line 773]
Event: 3.809 Thread 0x00000234c863a000 Exception <a 'java/lang/NoSuchMethodError'{0x000000008a9ded58}: 'java.lang.Object java.lang.invoke.DirectMethodHandle$Holder.invokeVirtual(java.lang.Object, java.lang.Object, java.lang.Object)'> (0x000000008a9ded58) thrown at [s\src\hotspot\share\interpreter\linkResolver.cpp, line 773]
Event: 4.863 Thread 0x00000234c863a000 Exception <a 'java/lang/IncompatibleClassChangeError'{0x000000008990af98}: Found class java.lang.Object, but interface was expected> (0x000000008990af98) thrown at [s\src\hotspot\share\interpreter\linkResolver.cpp, line 839]
Event: 4.926 Thread 0x00000234c863a000 Exception <a 'java/lang/NoSuchMethodError'{0x00000000898e34a8}: 'void java.lang.invoke.DirectMethodHandle$Holder.invokeInterface(java.lang.Object, java.lang.Object, java.lang.Object, java.lang.Object)'> (0x00000000898e34a8) thrown at [s\src\hotspot\share\interpreter\linkResolver.cpp, line 773]

Events (20 events):
Event: 4.996 loading class org/springframework/boot/web/servlet/AbstractFilterRegistrationBean
Event: 4.996 loading class org/springframework/boot/web/servlet/AbstractFilterRegistrationBean done
Event: 4.996 loading class org/springframework/boot/web/servlet/DynamicRegistrationBean
Event: 4.996 loading class org/springframework/boot/web/servlet/DynamicRegistrationBean done
Event: 4.997 loading class org/springframework/boot/web/servlet/RegistrationBean
Event: 4.997 loading class org/springframework/boot/web/servlet/RegistrationBean done
Event: 4.997 loading class org/springframework/boot/web/servlet/ServletContextInitializer
Event: 4.997 loading class org/springframework/boot/web/servlet/ServletContextInitializer done
Event: 5.007 loading class org/springframework/core/annotation/MergedAnnotation
Event: 5.007 loading class org/springframework/core/annotation/MergedAnnotation done
Event: 5.008 loading class org/springframework/core/annotation/AnnotationAttributes
Event: 5.008 loading class org/springframework/core/annotation/AnnotationAttributes done
Event: 5.008 loading class org/springframework/core/annotation/MergedAnnotation
Event: 5.008 loading class org/springframework/core/annotation/MergedAnnotation done
Event: 5.008 loading class org/springframework/boot/autoconfigure/condition/OnPropertyCondition$Spec
Event: 5.008 loading class org/springframework/boot/autoconfigure/condition/OnPropertyCondition$Spec done
Event: 5.029 loading class org/springframework/boot/autoconfigure/web/servlet/ServletWebServerFactoryAutoConfiguration$BeanPostProcessorsRegistrar
Event: 5.029 loading class org/springframework/boot/autoconfigure/web/servlet/ServletWebServerFactoryAutoConfiguration$BeanPostProcessorsRegistrar done
Event: 5.032 loading class org/apache/coyote/UpgradeProtocol
Event: 5.032 loading class org/apache/coyote/UpgradeProtocol done


Dynamic libraries:
0x00007ff7442d0000 - 0x00007ff7442dd000 	C:\Program Files\Zulu\zulu-11\bin\java.exe
0x00007ffc04940000 - 0x00007ffc04b49000 	C:\Windows\SYSTEM32\ntdll.dll
0x00007ffc04020000 - 0x00007ffc040de000 	C:\Windows\System32\KERNEL32.DLL
0x00007ffc02280000 - 0x00007ffc025fc000 	C:\Windows\System32\KERNELBASE.dll
0x00007ffc02000000 - 0x00007ffc02111000 	C:\Windows\System32\ucrtbase.dll
0x00007ffbf6f10000 - 0x00007ffbf6f27000 	C:\Program Files\Zulu\zulu-11\bin\jli.dll
0x00007ffc04690000 - 0x00007ffc0483d000 	C:\Windows\System32\USER32.dll
0x00007ffc02790000 - 0x00007ffc027b6000 	C:\Windows\System32\win32u.dll
0x00007ffc04660000 - 0x00007ffc04689000 	C:\Windows\System32\GDI32.dll
0x00007ffc02600000 - 0x00007ffc02718000 	C:\Windows\System32\gdi32full.dll
0x00007ffc02120000 - 0x00007ffc021bd000 	C:\Windows\System32\msvcp_win.dll
0x00007ffbf6f80000 - 0x00007ffbf6f95000 	C:\Program Files\Zulu\zulu-11\bin\VCRUNTIME140.dll
0x00007ffbeeed0000 - 0x00007ffbef175000 	C:\Windows\WinSxS\amd64_microsoft.windows.common-controls_6595b64144ccf1df_6.0.22000.120_none_9d947278b86cc467\COMCTL32.dll
0x00007ffc03cc0000 - 0x00007ffc03d63000 	C:\Windows\System32\msvcrt.dll
0x00007ffc04150000 - 0x00007ffc04181000 	C:\Windows\System32\IMM32.DLL
0x00007ffbe5790000 - 0x00007ffbe582b000 	C:\Program Files\Zulu\zulu-11\bin\msvcp140.dll
0x00007ffbd0460000 - 0x00007ffbd0ff6000 	C:\Program Files\Zulu\zulu-11\bin\server\jvm.dll
0x00007ffc04510000 - 0x00007ffc045be000 	C:\Windows\System32\ADVAPI32.dll
0x00007ffc045c0000 - 0x00007ffc0465e000 	C:\Windows\System32\sechost.dll
0x00007ffc02990000 - 0x00007ffc02ab0000 	C:\Windows\System32\RPCRT4.dll
0x00007ffc031c0000 - 0x00007ffc031c8000 	C:\Windows\System32\PSAPI.DLL
0x00007ffbeb720000 - 0x00007ffbeb729000 	C:\Windows\SYSTEM32\WSOCK32.dll
0x00007ffc02830000 - 0x00007ffc0289f000 	C:\Windows\System32\WS2_32.dll
0x00007ffbfbff0000 - 0x00007ffbfc023000 	C:\Windows\SYSTEM32\WINMM.dll
0x00007ffbfa2f0000 - 0x00007ffbfa2fa000 	C:\Windows\SYSTEM32\VERSION.dll
0x00007ffc00f00000 - 0x00007ffc00f18000 	C:\Windows\SYSTEM32\kernel.appcore.dll
0x00007ffbfddc0000 - 0x00007ffbfddd0000 	C:\Program Files\Zulu\zulu-11\bin\verify.dll
0x00007ffbffa40000 - 0x00007ffbffc61000 	C:\Windows\SYSTEM32\DBGHELP.DLL
0x00007ffbfbf80000 - 0x00007ffbfbfb1000 	C:\Windows\SYSTEM32\dbgcore.DLL
0x00007ffc01e10000 - 0x00007ffc01e8f000 	C:\Windows\System32\bcryptPrimitives.dll
0x00007ffbeea50000 - 0x00007ffbeea78000 	C:\Program Files\Zulu\zulu-11\bin\java.dll
0x00007ffbfdae0000 - 0x00007ffbfdaea000 	C:\Program Files\Zulu\zulu-11\bin\jimage.dll
0x00007ffbfa750000 - 0x00007ffbfa75e000 	C:\Program Files\Zulu\zulu-11\bin\instrument.dll
0x00007ffbf06c0000 - 0x00007ffbf06d8000 	C:\Program Files\Zulu\zulu-11\bin\zip.dll
0x00007ffc03370000 - 0x00007ffc03b35000 	C:\Windows\System32\SHELL32.dll
0x00007ffbfff00000 - 0x00007ffc00765000 	C:\Windows\SYSTEM32\windows.storage.dll
0x00007ffc04190000 - 0x00007ffc04506000 	C:\Windows\System32\combase.dll
0x00007ffbffd90000 - 0x00007ffbffef6000 	C:\Windows\SYSTEM32\wintypes.dll
0x00007ffc03bd0000 - 0x00007ffc03cba000 	C:\Windows\System32\SHCORE.dll
0x00007ffc027c0000 - 0x00007ffc0281d000 	C:\Windows\System32\shlwapi.dll
0x00007ffc01d40000 - 0x00007ffc01d61000 	C:\Windows\SYSTEM32\profapi.dll
0x00007ffbf0500000 - 0x00007ffbf0519000 	C:\Program Files\Zulu\zulu-11\bin\net.dll
0x00007ffbfc210000 - 0x00007ffbfc322000 	C:\Windows\SYSTEM32\WINHTTP.dll
0x00007ffc01420000 - 0x00007ffc01487000 	C:\Windows\system32\mswsock.dll
0x00007ffbf0240000 - 0x00007ffbf0253000 	C:\Program Files\Zulu\zulu-11\bin\nio.dll
0x00007ffbf5130000 - 0x00007ffbf514a000 	C:\Program Files\JetBrains\IntelliJ IDEA Community Edition 2023.1.1\bin\breakgen64.dll
0x00007ffbfa740000 - 0x00007ffbfa749000 	C:\Program Files\Zulu\zulu-11\bin\management.dll
0x00007ffbfa6d0000 - 0x00007ffbfa6db000 	C:\Program Files\Zulu\zulu-11\bin\management_ext.dll
0x00007ffbe94f0000 - 0x00007ffbe9507000 	C:\Windows\system32\napinsp.dll
0x00007ffbe94d0000 - 0x00007ffbe94eb000 	C:\Windows\system32\pnrpnsp.dll
0x00007ffc009d0000 - 0x00007ffc00ab8000 	C:\Windows\SYSTEM32\DNSAPI.dll
0x00007ffc009a0000 - 0x00007ffc009cd000 	C:\Windows\SYSTEM32\IPHLPAPI.DLL
0x00007ffc02820000 - 0x00007ffc02829000 	C:\Windows\System32\NSI.dll
0x00007ffbe94b0000 - 0x00007ffbe94c2000 	C:\Windows\System32\winrnr.dll
0x00007ffbe9490000 - 0x00007ffbe94a5000 	C:\Windows\system32\wshbth.dll
0x00007ffbe9470000 - 0x00007ffbe948f000 	C:\Windows\system32\nlansp_c.dll
0x00007ffbf4f00000 - 0x00007ffbf4f0a000 	C:\Windows\System32\rasadhlp.dll
0x00007ffbf4e70000 - 0x00007ffbf4ef1000 	C:\Windows\System32\fwpuclnt.dll

dbghelp: loaded successfully - version: 4.0.5 - missing functions: none
symbol engine: initialized successfully - sym options: 0x614 - pdb path: .;C:\Program Files\Zulu\zulu-11\bin;C:\Windows\SYSTEM32;C:\Windows\WinSxS\amd64_microsoft.windows.common-controls_6595b64144ccf1df_6.0.22000.120_none_9d947278b86cc467;C:\Program Files\Zulu\zulu-11\bin\server;C:\Program Files\JetBrains\IntelliJ IDEA Community Edition 2023.1.1\bin

VM Arguments:
jvm_args: -javaagent:C:\Program Files\JetBrains\IntelliJ IDEA Community Edition 2023.1.1\lib\idea_rt.jar=50039:C:\Program Files\JetBrains\IntelliJ IDEA Community Edition 2023.1.1\bin -Dfile.encoding=UTF-8 
java_command: com.gnb.MyWasteFree.MyWasteFreeApplication
java_class_path (initial): C:\Users\YB\Desktop\MyWasteFree\MyWasteFree\target\classes;C:\Users\YB\.m2\repository\org\springframework\boot\spring-boot-starter-data-jpa\2.7.11\spring-boot-starter-data-jpa-2.7.11.jar;C:\Users\YB\.m2\repository\org\springframework\boot\spring-boot-starter-aop\2.7.11\spring-boot-starter-aop-2.7.11.jar;C:\Users\YB\.m2\repository\org\springframework\spring-aop\5.3.27\spring-aop-5.3.27.jar;C:\Users\YB\.m2\repository\org\aspectj\aspectjweaver\1.9.7\aspectjweaver-1.9.7.jar;C:\Users\YB\.m2\repository\org\springframework\boot\spring-boot-starter-jdbc\2.7.11\spring-boot-starter-jdbc-2.7.11.jar;C:\Users\YB\.m2\repository\com\zaxxer\HikariCP\4.0.3\HikariCP-4.0.3.jar;C:\Users\YB\.m2\repository\org\springframework\spring-jdbc\5.3.27\spring-jdbc-5.3.27.jar;C:\Users\YB\.m2\repository\jakarta\transaction\jakarta.transaction-api\1.3.3\jakarta.transaction-api-1.3.3.jar;C:\Users\YB\.m2\repository\jakarta\persistence\jakarta.persistence-api\2.2.3\jakarta.persistence-api-2.2.3.jar;C:\Users\YB\.m2\repository\org\hibernate\hibernate-core\5.6.15.Final\hibernate-core-5.6.15.Final.jar;C:\Users\YB\.m2\repository\org\jboss\logging\jboss-logging\3.4.3.Final\jboss-logging-3.4.3.Final.jar;C:\Users\YB\.m2\repository\net\bytebuddy\byte-buddy\1.12.23\byte-buddy-1.12.23.jar;C:\Users\YB\.m2\repository\antlr\antlr\2.7.7\antlr-2.7.7.jar;C:\Users\YB\.m2\repository\org\jboss\jandex\2.4.2.Final\jandex-2.4.2.Final.jar;C:\Users\YB\.m2\repository\com\fasterxml\classmate\1.5.1\classmate-1.5.1.jar;C:\Users\YB\.m2\repository\org\hibernate\common\hibernate-commons-annotations\5.1.2.Final\hibernate-commons-annotations-5.1.2.Final.jar;C:\Users\YB\.m2\repository\org\glassfish\jaxb\jaxb-runtime\2.3.8\jaxb-runtime-2.3.8.jar;C:\Users\YB\.m2\repository\org\glassfish\jaxb\txw2\2.3.8\txw2-2.3.8.jar;C:\Users\YB\.m2\repository\com\sun\istack\istack-commons-runtime\3.0.12\istack-commons-runtime-3.0.12.jar;C:\Users\YB\.m2\repository\com\sun\activation\jakarta.activation\1.2.2\jakarta.activation
Launcher Type: SUN_STANDARD

[Global flags]
     intx CICompilerCount                          = 3                                         {product} {ergonomic}
     uint ConcGCThreads                            = 1                                         {product} {ergonomic}
     uint G1ConcRefinementThreads                  = 4                                         {product} {ergonomic}
   size_t G1HeapRegionSize                         = 1048576                                   {product} {ergonomic}
    uintx GCDrainStackTargetSize                   = 64                                        {product} {ergonomic}
   size_t InitialHeapSize                          = 130023424                                 {product} {ergonomic}
   size_t MarkStackSize                            = 4194304                                   {product} {ergonomic}
   size_t MaxHeapSize                              = 2076180480                                {product} {ergonomic}
   size_t MaxNewSize                               = 1245708288                                {product} {ergonomic}
   size_t MinHeapDeltaBytes                        = 1048576                                   {product} {ergonomic}
    uintx NonNMethodCodeHeapSize                   = 5830732                                {pd product} {ergonomic}
    uintx NonProfiledCodeHeapSize                  = 122913754                              {pd product} {ergonomic}
    uintx ProfiledCodeHeapSize                     = 122913754                              {pd product} {ergonomic}
    uintx ReservedCodeCacheSize                    = 251658240                              {pd product} {ergonomic}
     bool SegmentedCodeCache                       = true                                      {product} {ergonomic}
     bool UseCompressedClassPointers               = true                                 {lp64_product} {ergonomic}
     bool UseCompressedOops                        = true                                 {lp64_product} {ergonomic}
     bool UseG1GC                                  = true                                      {product} {ergonomic}
     bool UseLargePagesIndividualAllocation        = false                                  {pd product} {ergonomic}

Logging:
Log output configuration:
 #0: stdout all=warning uptime,level,tags
 #1: stderr all=off uptime,level,tags

Environment Variables:
JAVA_HOME=C:\Program Files\Zulu\zulu-11\
CLASSPATH=.;C:\Program Files\Zulu\zulu-11\lib\\tools.jal
PATH=C:\oraclexe\app\oracle\product\11.2.0\server\bin;"C:\Program Files\Zulu\zulu-11\\bin;C:\Program Files\Common Files\Oracle\Java\javapath";C:\Windows\system32;C:\Windows;C:\Windows\System32\Wbem;C:\Windows\System32\WindowsPowerShell\v1.0\;C:\Windows\System32\OpenSSH\;C:\Users\YB\AppData\Local\Android\Sdk\tools;C:\Users\YB\AppData\Local\Android\Sdk\platform-tools;C:\Program Files\Zulu\zulu-11\bin;C:\Program Files\Git\cmd;C:\Program Files (x86)\PuTTY\;C:\Program Files\Zulu\zulu-11\\bin;C:\Program Files\MySQL\MySQL Shell 8.0\bin\;C:\Users\YB\AppData\Local\Microsoft\WindowsApps;C:\Users\YB\AppData\Local\GitHubDesktop\bin;C:\Users\YB\AppData\Local\Programs\Microsoft VS Code\bin;C:\Program Files\JetBrains\IntelliJ IDEA Community Edition 2023.1.1\bin;
USERNAME=YB
OS=Windows_NT
PROCESSOR_IDENTIFIER=Intel64 Family 6 Model 140 Stepping 1, GenuineIntel
TMP=C:\Users\YB\AppData\Local\Temp
TEMP=C:\Users\YB\AppData\Local\Temp



---------------  S Y S T E M  ---------------

OS: Windows 11 , 64 bit Build 22000 (10.0.22000.1516)
OS uptime: 9 days 4:09 hours

CPU:total 4 (initial active 4) (2 cores per cpu, 2 threads per core) family 6 model 140 stepping 1 microcode 0x9a, cmov, cx8, fxsr, mmx, sse, sse2, sse3, ssse3, sse4.1, sse4.2, popcnt, avx, avx2, aes, clmul, erms, 3dnowpref, lzcnt, ht, tsc, tscinvbit, bmi1, bmi2, adx, evex, sha, fma

Memory: 4k page, system-wide physical 7916M (528M free)
TotalPageFile size 16861M (AvailPageFile size 2M)
current process WorkingSet (physical memory assigned to process): 141M, peak: 141M
current process commit charge ("private bytes"): 248M, peak: 248M

vm_info: OpenJDK 64-Bit Server VM (11.0.19+7-LTS) for windows-amd64 JRE (Zulu11.64+19-CA) (11.0.19+7-LTS), built on Apr 10 2023 13:00:29 by "zulu_re" with MS VC++ 15.9 (VS2017)

END.
